Using pre-set license
Built from '2020.2/release' branch; Version is '2020.2.1f1 (270dd8c3da1c) revision 2559448'; Using compiler version '192528614'; Build Type 'Release'
OS: 'Windows 10  (10.0.0) 64bit' Language: 'es' Physical Memory: 16314 MB
BatchMode: 1, IsHumanControllingUs: 0, StartBugReporterOnCrash: 0, Is64bit: 1, IsPro: 0

 COMMAND LINE ARGUMENTS:
C:\Program Files\2020.2.1f1\Editor\Unity.exe
-adb2
-batchMode
-noUpm
-name
AssetImportWorker0
-projectPath
C:/Users/adria/OneDrive/Documentos/GitHub/GGJ2021/New Unity Project
-logFile
Logs/AssetImportWorker0.log
-srvPort
52395
Successfully changed project path to: C:/Users/adria/OneDrive/Documentos/GitHub/GGJ2021/New Unity Project
C:/Users/adria/OneDrive/Documentos/GitHub/GGJ2021/New Unity Project
Using Asset Import Pipeline V2.
Refreshing native plugins compatible for Editor in 29.28 ms, found 0 plugins.
Preloading 0 native plugins for Editor in 0.00 ms.
Initialize engine version: 2020.2.1f1 (270dd8c3da1c)
[Subsystems] Discovering subsystems at path C:/Program Files/2020.2.1f1/Editor/Data/Resources/UnitySubsystems
[Subsystems] Discovering subsystems at path C:/Users/adria/OneDrive/Documentos/GitHub/GGJ2021/New Unity Project/Assets
GfxDevice: creating device client; threaded=0
Direct3D:
    Version:  Direct3D 11.0 [level 11.1]
    Renderer: NVIDIA GeForce RTX 2060 (ID=0x1f08)
    Vendor:   
    VRAM:     5980 MB
    Driver:   27.21.14.6140
Initialize mono
Mono path[0] = 'C:/Program Files/2020.2.1f1/Editor/Data/Managed'
Mono path[1] = 'C:/Program Files/2020.2.1f1/Editor/Data/MonoBleedingEdge/lib/mono/unityjit'
Mono config path = 'C:/Program Files/2020.2.1f1/Editor/Data/MonoBleedingEdge/etc'
Using monoOptions --debugger-agent=transport=dt_socket,embedding=1,server=y,suspend=n,address=127.0.0.1:56604
Begin MonoManager ReloadAssembly
Registering precompiled unity dll's ...
Register platform support module: C:/Program Files/2020.2.1f1/Editor/Data/PlaybackEngines/WebGLSupport/UnityEditor.WebGL.Extensions.dll
Register platform support module: C:/Program Files/2020.2.1f1/Editor/Data/PlaybackEngines/WindowsStandaloneSupport/UnityEditor.WindowsStandalone.Extensions.dll
Registered in 0.002511 seconds.
Native extension for WindowsStandalone target not found
Native extension for WebGL target not found
Refreshing native plugins compatible for Editor in 26.07 ms, found 0 plugins.
Preloading 0 native plugins for Editor in 0.00 ms.
Invoked RoslynAnalysisRunner static constructor.
RoslynAnalysisRunner will not be running.
RoslynAnalysisRunner has terminated.
Mono: successfully reloaded assembly
- Completed reload, in  1.239 seconds
Platform modules already initialized, skipping
Registering precompiled user dll's ...
Registered in 0.000996 seconds.
Begin MonoManager ReloadAssembly
Native extension for WindowsStandalone target not found
Native extension for WebGL target not found
Refreshing native plugins compatible for Editor in 0.25 ms, found 0 plugins.
Preloading 0 native plugins for Editor in 0.00 ms.
Invoked RoslynAnalysisRunner static constructor.
RoslynAnalysisRunner will not be running.
RoslynAnalysisRunner has terminated.
Mono: successfully reloaded assembly
- Completed reload, in  0.940 seconds
Platform modules already initialized, skipping
========================================================================
Worker process is ready to serve import requests
Launched and connected shader compiler UnityShaderCompiler.exe after 0.05 seconds
Refreshing native plugins compatible for Editor in 0.26 ms, found 0 plugins.
Preloading 0 native plugins for Editor in 0.00 ms.
Unloading 1226 Unused Serialized files (Serialized files now loaded: 0)
System memory in use before: 60.8 MB.
System memory in use after: 60.8 MB.

Unloading 10 unused Assets to reduce memory usage. Loaded Objects now: 1668.
Total: 2.459900 ms (FindLiveObjects: 0.219900 ms CreateObjectMapping: 0.102400 ms MarkObjects: 2.070100 ms  DeleteObjects: 0.065600 ms)

========================================================================
Received Import Request.
  path: Assets/Cube 6.prefab
  artifactKey: Guid(8fb423325b1286441a48b20244ba1075) Importer(815301076,1909f56bfc062723c751e8b465ee728b)
Start importing Assets/Cube 6.prefab using Guid(8fb423325b1286441a48b20244ba1075) Importer(815301076,1909f56bfc062723c751e8b465ee728b)  -> (artifact id: '9688f42bc8c9b1210645d017b8b50019') in 0.115677 seconds
  Import took 0.118062 seconds .

========================================================================
Received Import Request.
  Time since last request: 0.000196 seconds.
  path: Assets/Cube 7.prefab
  artifactKey: Guid(b222aa5f19ab4d84d947919f7d392173) Importer(815301076,1909f56bfc062723c751e8b465ee728b)
Start importing Assets/Cube 7.prefab using Guid(b222aa5f19ab4d84d947919f7d392173) Importer(815301076,1909f56bfc062723c751e8b465ee728b)  -> (artifact id: 'a585280996d16d86e7b6226e3dcd946b') in 0.021294 seconds
  Import took 0.023509 seconds .

========================================================================
Received Import Request.
  Time since last request: 0.000182 seconds.
  path: Assets/New Material 3.mat
  artifactKey: Guid(69feaeea0f230334cb5418f1d3d5c2de) Importer(815301076,1909f56bfc062723c751e8b465ee728b)
Start importing Assets/New Material 3.mat using Guid(69feaeea0f230334cb5418f1d3d5c2de) Importer(815301076,1909f56bfc062723c751e8b465ee728b)  -> (artifact id: '01e94d9bc36f4011bfb58b26e4ffa9b9') in 0.040531 seconds
  Import took 0.042535 seconds .

========================================================================
Received Import Request.
  Time since last request: 0.000189 seconds.
  path: Assets/Cube 3.prefab
  artifactKey: Guid(8c9cd2631f9f84342ad566fa029ba34d) Importer(815301076,1909f56bfc062723c751e8b465ee728b)
Start importing Assets/Cube 3.prefab using Guid(8c9cd2631f9f84342ad566fa029ba34d) Importer(815301076,1909f56bfc062723c751e8b465ee728b)  -> (artifact id: '9f7d82c268c059ae2bfba0edb2af9d0f') in 0.020450 seconds
  Import took 0.022292 seconds .

========================================================================
Received Import Request.
  Time since last request: 0.000180 seconds.
  path: Assets/New Material 2.mat
  artifactKey: Guid(c250deff9ee9117428143fd19eb84f66) Importer(815301076,1909f56bfc062723c751e8b465ee728b)
Start importing Assets/New Material 2.mat using Guid(c250deff9ee9117428143fd19eb84f66) Importer(815301076,1909f56bfc062723c751e8b465ee728b)  -> (artifact id: 'ff2d501ba2141a1930caf3ad4e7e5583') in 0.019504 seconds
  Import took 0.021752 seconds .

========================================================================
Received Import Request.
  Time since last request: 0.000265 seconds.
  path: Assets/New Material.mat
  artifactKey: Guid(e0fae86fe4e1cd24eaa7bc1baa07fa1b) Importer(815301076,1909f56bfc062723c751e8b465ee728b)
Start importing Assets/New Material.mat using Guid(e0fae86fe4e1cd24eaa7bc1baa07fa1b) Importer(815301076,1909f56bfc062723c751e8b465ee728b)  -> (artifact id: 'afc01ef8aa47663e8f1707a9fd7a2b5b') in 0.017143 seconds
  Import took 0.019324 seconds .

========================================================================
Received Import Request.
  Time since last request: 0.000174 seconds.
  path: Assets/New Material 7.mat
  artifactKey: Guid(0c4d850dd24f38543ab8b5db3399ce6f) Importer(815301076,1909f56bfc062723c751e8b465ee728b)
Start importing Assets/New Material 7.mat using Guid(0c4d850dd24f38543ab8b5db3399ce6f) Importer(815301076,1909f56bfc062723c751e8b465ee728b)  -> (artifact id: '5b051c85d672920092f8bb598b786e76') in 0.018311 seconds
  Import took 0.020148 seconds .

========================================================================
Received Import Request.
  Time since last request: 0.000193 seconds.
  path: Assets/pentagono.fbx
  artifactKey: Guid(290c7df07de0ed742b1c7ee053da636c) Importer(815301076,1909f56bfc062723c751e8b465ee728b)
Start importing Assets/pentagono.fbx using Guid(290c7df07de0ed742b1c7ee053da636c) Importer(815301076,1909f56bfc062723c751e8b465ee728b)  -> (artifact id: '2c38b1f78eb23d22d562436a296e3f84') in 0.075420 seconds
  Import took 0.077451 seconds .

========================================================================
Received Import Request.
  Time since last request: 0.000204 seconds.
  path: Assets/Cube 4.prefab
  artifactKey: Guid(ea115ce1b3a494d458e188c9d8d30bd7) Importer(815301076,1909f56bfc062723c751e8b465ee728b)
Start importing Assets/Cube 4.prefab using Guid(ea115ce1b3a494d458e188c9d8d30bd7) Importer(815301076,1909f56bfc062723c751e8b465ee728b)  -> (artifact id: 'b7522aab33533205bb539bd9414aff2c') in 0.018361 seconds
  Import took 0.020485 seconds .

========================================================================
Received Import Request.
  Time since last request: 0.000236 seconds.
  path: Assets/New Material 6.mat
  artifactKey: Guid(95ddde9196914b24a9c5dadf15045bc1) Importer(815301076,1909f56bfc062723c751e8b465ee728b)
Start importing Assets/New Material 6.mat using Guid(95ddde9196914b24a9c5dadf15045bc1) Importer(815301076,1909f56bfc062723c751e8b465ee728b)  -> (artifact id: '0b5aa029bb89c8ed72aa6c5b02144474') in 0.016764 seconds
  Import took 0.018874 seconds .

========================================================================
Received Import Request.
  Time since last request: 0.000182 seconds.
  path: Assets/llamas.prefab
  artifactKey: Guid(24f51d1294e691e41967243b7383b347) Importer(815301076,1909f56bfc062723c751e8b465ee728b)
Start importing Assets/llamas.prefab using Guid(24f51d1294e691e41967243b7383b347) Importer(815301076,1909f56bfc062723c751e8b465ee728b)  -> (artifact id: 'e13d4248f05252409f9d5f75c2f7b745') in 0.018743 seconds
  Import took 0.020705 seconds .

========================================================================
Received Import Request.
  Time since last request: 0.000194 seconds.
  path: Assets/New Material 4.mat
  artifactKey: Guid(38b94fe64b7031143b566a83e9d76862) Importer(815301076,1909f56bfc062723c751e8b465ee728b)
Start importing Assets/New Material 4.mat using Guid(38b94fe64b7031143b566a83e9d76862) Importer(815301076,1909f56bfc062723c751e8b465ee728b)  -> (artifact id: 'a7eafa1de19af0b90ffc9cbaa4c74d91') in 0.017500 seconds
  Import took 0.019633 seconds .

========================================================================
Received Import Request.
  Time since last request: 0.000283 seconds.
  path: Assets/Cube 8.prefab
  artifactKey: Guid(9b6af11a748122c42a919d2120b2889e) Importer(815301076,1909f56bfc062723c751e8b465ee728b)
Start importing Assets/Cube 8.prefab using Guid(9b6af11a748122c42a919d2120b2889e) Importer(815301076,1909f56bfc062723c751e8b465ee728b)  -> (artifact id: 'abeaf7e0916d9e38eadf1c7d646d0d0a') in 0.017737 seconds
  Import took 0.020109 seconds .

========================================================================
Received Import Request.
  Time since last request: 0.000216 seconds.
  path: Assets/Cube 5.prefab
  artifactKey: Guid(1d4f689403a2cc448866887d5b39288a) Importer(815301076,1909f56bfc062723c751e8b465ee728b)
Start importing Assets/Cube 5.prefab using Guid(1d4f689403a2cc448866887d5b39288a) Importer(815301076,1909f56bfc062723c751e8b465ee728b)  -> (artifact id: 'd86f2f56e3123b4b18c8c5c779d9906c') in 0.021580 seconds
  Import took 0.023678 seconds .

========================================================================
Received Import Request.
  Time since last request: 0.000212 seconds.
  path: Assets/Cube 2.prefab
  artifactKey: Guid(cb900417c4e59f74e8e701eb6dc4393a) Importer(815301076,1909f56bfc062723c751e8b465ee728b)
Start importing Assets/Cube 2.prefab using Guid(cb900417c4e59f74e8e701eb6dc4393a) Importer(815301076,1909f56bfc062723c751e8b465ee728b)  -> (artifact id: 'eb2e4cb0a599e202ac2c4f2e35915733') in 0.017754 seconds
  Import took 0.020442 seconds .

========================================================================
Received Import Request.
  Time since last request: 0.000256 seconds.
  path: Assets/New Material 5.mat
  artifactKey: Guid(f6843b2f80c275145ae48b9c375a79a8) Importer(815301076,1909f56bfc062723c751e8b465ee728b)
Start importing Assets/New Material 5.mat using Guid(f6843b2f80c275145ae48b9c375a79a8) Importer(815301076,1909f56bfc062723c751e8b465ee728b)  -> (artifact id: '84187ec7f65fea6a1c40319e408150d9') in 0.020347 seconds
  Import took 0.022715 seconds .

========================================================================
Received Import Request.
  Time since last request: 0.000185 seconds.
  path: Assets/New Material 8.mat
  artifactKey: Guid(20282f2aacaf60043be13442b9337943) Importer(815301076,1909f56bfc062723c751e8b465ee728b)
Start importing Assets/New Material 8.mat using Guid(20282f2aacaf60043be13442b9337943) Importer(815301076,1909f56bfc062723c751e8b465ee728b)  -> (artifact id: '816e8a3d77fc0603c5b7ee35dc9a59b1') in 0.020467 seconds
  Import took 0.022340 seconds .

========================================================================
Received Import Request.
  Time since last request: 0.000189 seconds.
  path: Assets/platform.prefab
  artifactKey: Guid(3e13e0bc3a5c65741943b518f6835391) Importer(815301076,1909f56bfc062723c751e8b465ee728b)
Start importing Assets/platform.prefab using Guid(3e13e0bc3a5c65741943b518f6835391) Importer(815301076,1909f56bfc062723c751e8b465ee728b)  -> (artifact id: '2cab1d586ac854abe8cd4beb3e4b7c2b') in 0.018983 seconds
  Import took 0.021354 seconds .

========================================================================
Received Import Request.
  Time since last request: 0.000362 seconds.
  path: Assets/New Material 9.mat
  artifactKey: Guid(c9363191be1502440bbe06076cc7066e) Importer(815301076,1909f56bfc062723c751e8b465ee728b)
Start importing Assets/New Material 9.mat using Guid(c9363191be1502440bbe06076cc7066e) Importer(815301076,1909f56bfc062723c751e8b465ee728b)  -> (artifact id: '5f07654a74188c7aab0954f04d6ca530') in 0.020312 seconds
  Import took 0.022964 seconds .

========================================================================
Received Import Request.
  Time since last request: 0.000173 seconds.
  path: Assets/sierra.prefab
  artifactKey: Guid(ce47f9d23e6f3c74baf0c0f70cda1b9e) Importer(815301076,1909f56bfc062723c751e8b465ee728b)
Start importing Assets/sierra.prefab using Guid(ce47f9d23e6f3c74baf0c0f70cda1b9e) Importer(815301076,1909f56bfc062723c751e8b465ee728b)  -> (artifact id: '5e3f4ef0562ffaf8cacaf042f003f2e1') in 0.020671 seconds
  Import took 0.022630 seconds .

========================================================================
Received Import Request.
  Time since last request: 0.000191 seconds.
  path: Assets/New Material 1.mat
  artifactKey: Guid(c5c32e9797219c84498d8727d0243dd3) Importer(815301076,1909f56bfc062723c751e8b465ee728b)
Start importing Assets/New Material 1.mat using Guid(c5c32e9797219c84498d8727d0243dd3) Importer(815301076,1909f56bfc062723c751e8b465ee728b)  -> (artifact id: 'c4dab25a8c75f2063febc0f0fe63e43b') in 0.017936 seconds
  Import took 0.020464 seconds .

========================================================================
Received Import Request.
  Time since last request: 0.000327 seconds.
  path: Assets/hexagon.fbx
  artifactKey: Guid(8f5a53975c784b641af589fce52c536b) Importer(815301076,1909f56bfc062723c751e8b465ee728b)
Start importing Assets/hexagon.fbx using Guid(8f5a53975c784b641af589fce52c536b) Importer(815301076,1909f56bfc062723c751e8b465ee728b)  -> (artifact id: '98fbc52e4179f7f082d0df2c300c3b2a') in 0.026211 seconds
  Import took 0.029041 seconds .

========================================================================
Received Import Request.
  Time since last request: 83.880579 seconds.
  path: Assets
  artifactKey: Guid(00000000000000001000000000000000) Importer(815301076,1909f56bfc062723c751e8b465ee728b)
Start importing Assets using Guid(00000000000000001000000000000000) Importer(815301076,1909f56bfc062723c751e8b465ee728b)  -> (artifact id: 'e1a2c4dac9df7c17871e19a3b74f0e9f') in 0.006610 seconds
  Import took 0.008737 seconds .

========================================================================
Received Import Request.
  Time since last request: 0.008822 seconds.
  path: Assets
  artifactKey: Guid(00000000000000001000000000000000) Importer(815301076,1909f56bfc062723c751e8b465ee728b)
Start importing Assets using Guid(00000000000000001000000000000000) Importer(815301076,1909f56bfc062723c751e8b465ee728b)  -> (artifact id: 'e1a2c4dac9df7c17871e19a3b74f0e9f') in 0.002787 seconds
  Import took 0.004777 seconds .

========================================================================
Received Import Request.
  Time since last request: 7.291046 seconds.
  path: Assets/New Folder
  artifactKey: Guid(7ccbf9a6fc624ad438d52616709e1e73) Importer(815301076,1909f56bfc062723c751e8b465ee728b)
Start importing Assets/New Folder using Guid(7ccbf9a6fc624ad438d52616709e1e73) Importer(815301076,1909f56bfc062723c751e8b465ee728b)  -> (artifact id: '14aadc75ca5c5869172e86469d4ca117') in 0.007983 seconds
  Import took 0.010259 seconds .

========================================================================
Received Import Request.
  Time since last request: 7.039722 seconds.
  path: Assets/Scripts
  artifactKey: Guid(7ccbf9a6fc624ad438d52616709e1e73) Importer(815301076,1909f56bfc062723c751e8b465ee728b)
Start importing Assets/Scripts using Guid(7ccbf9a6fc624ad438d52616709e1e73) Importer(815301076,1909f56bfc062723c751e8b465ee728b)  -> (artifact id: 'de13d339d7e983e479137406e0a32d60') in 0.008731 seconds
  Import took 0.010790 seconds .

========================================================================
Received Import Request.
  Time since last request: 17.222721 seconds.
  path: Assets/Scripts/movPersonaje
  artifactKey: Guid(d0e29de12dfa67542b41c5c9dbd037dd) Importer(815301076,1909f56bfc062723c751e8b465ee728b)
Start importing Assets/Scripts/movPersonaje using Guid(d0e29de12dfa67542b41c5c9dbd037dd) Importer(815301076,1909f56bfc062723c751e8b465ee728b)  -> (artifact id: '696d2373b5f0331d75df31d75b7c775f') in 0.008665 seconds
  Import took 0.010718 seconds .

========================================================================
Received Prepare
Registering precompiled user dll's ...
Registered in 0.000757 seconds.
Begin MonoManager ReloadAssembly
Native extension for WindowsStandalone target not found
Native extension for WebGL target not found
Refreshing native plugins compatible for Editor in 0.21 ms, found 0 plugins.
Preloading 0 native plugins for Editor in 0.00 ms.
Invoked RoslynAnalysisRunner static constructor.
RoslynAnalysisRunner will not be running.
RoslynAnalysisRunner has terminated.
Mono: successfully reloaded assembly
- Completed reload, in  0.796 seconds
Platform modules already initialized, skipping
Refreshing native plugins compatible for Editor in 0.21 ms, found 0 plugins.
Preloading 0 native plugins for Editor in 0.00 ms.
Unloading 1222 Unused Serialized files (Serialized files now loaded: 0)
System memory in use before: 64.6 MB.
System memory in use after: 64.7 MB.

Unloading 5 unused Assets to reduce memory usage. Loaded Objects now: 1717.
Total: 1.568300 ms (FindLiveObjects: 0.156700 ms CreateObjectMapping: 0.029900 ms MarkObjects: 1.367000 ms  DeleteObjects: 0.013800 ms)

========================================================================
Received Prepare
Registering precompiled user dll's ...
Registered in 0.000774 seconds.
Begin MonoManager ReloadAssembly
Native extension for WindowsStandalone target not found
Native extension for WebGL target not found
Refreshing native plugins compatible for Editor in 0.23 ms, found 0 plugins.
Preloading 0 native plugins for Editor in 0.00 ms.
Invoked RoslynAnalysisRunner static constructor.
RoslynAnalysisRunner will not be running.
RoslynAnalysisRunner has terminated.
Mono: successfully reloaded assembly
- Completed reload, in  0.787 seconds
Platform modules already initialized, skipping
Refreshing native plugins compatible for Editor in 0.41 ms, found 0 plugins.
Preloading 0 native plugins for Editor in 0.00 ms.
Unloading 1221 Unused Serialized files (Serialized files now loaded: 0)
System memory in use before: 64.8 MB.
System memory in use after: 64.9 MB.

Unloading 5 unused Assets to reduce memory usage. Loaded Objects now: 1719.
Total: 1.619000 ms (FindLiveObjects: 0.157300 ms CreateObjectMapping: 0.030300 ms MarkObjects: 1.417400 ms  DeleteObjects: 0.013100 ms)

========================================================================
Received Import Request.
  Time since last request: 290.707246 seconds.
  path: Assets/playerController.cs
  artifactKey: Guid(5ff604e11c51a3d44aa89f991297e122) Importer(815301076,1909f56bfc062723c751e8b465ee728b)
Start importing Assets/playerController.cs using Guid(5ff604e11c51a3d44aa89f991297e122) Importer(815301076,1909f56bfc062723c751e8b465ee728b)  -> (artifact id: '0c1b10eea79d531fd564425d371d2dc9') in 0.057223 seconds
  Import took 0.059308 seconds .

========================================================================
Received Prepare
Registering precompiled user dll's ...
Registered in 0.000810 seconds.
Begin MonoManager ReloadAssembly
Native extension for WindowsStandalone target not found
Native extension for WebGL target not found
Refreshing native plugins compatible for Editor in 0.22 ms, found 0 plugins.
Preloading 0 native plugins for Editor in 0.00 ms.
Invoked RoslynAnalysisRunner static constructor.
RoslynAnalysisRunner will not be running.
RoslynAnalysisRunner has terminated.
Mono: successfully reloaded assembly
- Completed reload, in  0.787 seconds
Platform modules already initialized, skipping
Refreshing native plugins compatible for Editor in 0.22 ms, found 0 plugins.
Preloading 0 native plugins for Editor in 0.00 ms.
Unloading 1221 Unused Serialized files (Serialized files now loaded: 0)
System memory in use before: 65.0 MB.
System memory in use after: 65.1 MB.

Unloading 5 unused Assets to reduce memory usage. Loaded Objects now: 1721.
Total: 1.694500 ms (FindLiveObjects: 0.163600 ms CreateObjectMapping: 0.030000 ms MarkObjects: 1.485400 ms  DeleteObjects: 0.014600 ms)

========================================================================
Received Import Request.
  Time since last request: 41.673945 seconds.
  path: Assets/Scripts/movPersonaje/primeraPersona.cs
  artifactKey: Guid(ac1ba1ccf8670904c8a0baa183d19905) Importer(815301076,1909f56bfc062723c751e8b465ee728b)
Start importing Assets/Scripts/movPersonaje/primeraPersona.cs using Guid(ac1ba1ccf8670904c8a0baa183d19905) Importer(815301076,1909f56bfc062723c751e8b465ee728b)  -> (artifact id: '1ce935cd04f3f64eb17723a782e350c2') in 0.010855 seconds
  Import took 0.012894 seconds .

========================================================================
Received Import Request.
  Time since last request: 71.938030 seconds.
  path: Assets/Scripts/movPersonaje/primeraPersona.cs
  artifactKey: Guid(ac1ba1ccf8670904c8a0baa183d19905) Importer(815301076,1909f56bfc062723c751e8b465ee728b)
Start importing Assets/Scripts/movPersonaje/primeraPersona.cs using Guid(ac1ba1ccf8670904c8a0baa183d19905) Importer(815301076,1909f56bfc062723c751e8b465ee728b)  -> (artifact id: 'a7a1e5e591f17fa2496ac0a2fda185cb') in 0.003906 seconds
  Import took 0.005995 seconds .

========================================================================
Received Import Request.
  Time since last request: 0.002867 seconds.
  path: Assets/Scripts/movPersonaje/primeraPersona.cs
  artifactKey: Guid(ac1ba1ccf8670904c8a0baa183d19905) Importer(815301076,1909f56bfc062723c751e8b465ee728b)
Start importing Assets/Scripts/movPersonaje/primeraPersona.cs using Guid(ac1ba1ccf8670904c8a0baa183d19905) Importer(815301076,1909f56bfc062723c751e8b465ee728b)  -> (artifact id: 'a7a1e5e591f17fa2496ac0a2fda185cb') in 0.003639 seconds
  Import took 0.005478 seconds .

========================================================================
Received Prepare
Registering precompiled user dll's ...
Registered in 0.000807 seconds.
Begin MonoManager ReloadAssembly
Native extension for WindowsStandalone target not found
Native extension for WebGL target not found
Refreshing native plugins compatible for Editor in 0.21 ms, found 0 plugins.
Preloading 0 native plugins for Editor in 0.00 ms.
Invoked RoslynAnalysisRunner static constructor.
RoslynAnalysisRunner will not be running.
RoslynAnalysisRunner has terminated.
Mono: successfully reloaded assembly
- Completed reload, in  0.792 seconds
Platform modules already initialized, skipping
Refreshing native plugins compatible for Editor in 0.21 ms, found 0 plugins.
Preloading 0 native plugins for Editor in 0.00 ms.
Unloading 1221 Unused Serialized files (Serialized files now loaded: 0)
System memory in use before: 65.1 MB.
System memory in use after: 65.3 MB.

Unloading 5 unused Assets to reduce memory usage. Loaded Objects now: 1723.
Total: 1.622700 ms (FindLiveObjects: 0.154800 ms CreateObjectMapping: 0.031100 ms MarkObjects: 1.422900 ms  DeleteObjects: 0.013200 ms)

========================================================================
Received Import Request.
  Time since last request: 59.516826 seconds.
  path: Assets/Scripts/movPersonaje/primeraPersona.cs
  artifactKey: Guid(ac1ba1ccf8670904c8a0baa183d19905) Importer(815301076,1909f56bfc062723c751e8b465ee728b)
Start importing Assets/Scripts/movPersonaje/primeraPersona.cs using Guid(ac1ba1ccf8670904c8a0baa183d19905) Importer(815301076,1909f56bfc062723c751e8b465ee728b)  -> (artifact id: 'f220d8c4ccf1216d03dfd28d87906f4b') in 0.005602 seconds
  Import took 0.007615 seconds .

========================================================================
Received Prepare
Registering precompiled user dll's ...
Registered in 0.000819 seconds.
Begin MonoManager ReloadAssembly
Native extension for WindowsStandalone target not found
Native extension for WebGL target not found
Refreshing native plugins compatible for Editor in 0.22 ms, found 0 plugins.
Preloading 0 native plugins for Editor in 0.00 ms.
Invoked RoslynAnalysisRunner static constructor.
RoslynAnalysisRunner will not be running.
RoslynAnalysisRunner has terminated.
Mono: successfully reloaded assembly
- Completed reload, in  0.784 seconds
Platform modules already initialized, skipping
Refreshing native plugins compatible for Editor in 0.22 ms, found 0 plugins.
Preloading 0 native plugins for Editor in 0.00 ms.
Unloading 1221 Unused Serialized files (Serialized files now loaded: 0)
System memory in use before: 65.4 MB.
System memory in use after: 65.5 MB.

Unloading 5 unused Assets to reduce memory usage. Loaded Objects now: 1725.
Total: 1.784400 ms (FindLiveObjects: 0.171000 ms CreateObjectMapping: 0.029400 ms MarkObjects: 1.564300 ms  DeleteObjects: 0.018300 ms)

========================================================================
Received Import Request.
  Time since last request: 43.613876 seconds.
  path: Assets/Scripts/movPersonaje/primeraPersona.cs
  artifactKey: Guid(ac1ba1ccf8670904c8a0baa183d19905) Importer(815301076,1909f56bfc062723c751e8b465ee728b)
Start importing Assets/Scripts/movPersonaje/primeraPersona.cs using Guid(ac1ba1ccf8670904c8a0baa183d19905) Importer(815301076,1909f56bfc062723c751e8b465ee728b)  -> (artifact id: '6225b43e38fea50fc4f1169713116b14') in 0.005376 seconds
  Import took 0.007351 seconds .

========================================================================
Received Prepare
Registering precompiled user dll's ...
Registered in 0.000795 seconds.
Begin MonoManager ReloadAssembly
Native extension for WindowsStandalone target not found
Native extension for WebGL target not found
Refreshing native plugins compatible for Editor in 0.23 ms, found 0 plugins.
Preloading 0 native plugins for Editor in 0.00 ms.
Invoked RoslynAnalysisRunner static constructor.
RoslynAnalysisRunner will not be running.
RoslynAnalysisRunner has terminated.
Mono: successfully reloaded assembly
- Completed reload, in  0.787 seconds
Platform modules already initialized, skipping
Refreshing native plugins compatible for Editor in 0.22 ms, found 0 plugins.
Preloading 0 native plugins for Editor in 0.00 ms.
Unloading 1221 Unused Serialized files (Serialized files now loaded: 0)
System memory in use before: 65.6 MB.
System memory in use after: 65.7 MB.

Unloading 5 unused Assets to reduce memory usage. Loaded Objects now: 1727.
Total: 1.587300 ms (FindLiveObjects: 0.153400 ms CreateObjectMapping: 0.029300 ms MarkObjects: 1.390500 ms  DeleteObjects: 0.013100 ms)

========================================================================
Received Import Request.
  Time since last request: 58.413391 seconds.
  path: Assets/Scripts/movPersonaje/primeraPersona.cs
  artifactKey: Guid(ac1ba1ccf8670904c8a0baa183d19905) Importer(815301076,1909f56bfc062723c751e8b465ee728b)
Start importing Assets/Scripts/movPersonaje/primeraPersona.cs using Guid(ac1ba1ccf8670904c8a0baa183d19905) Importer(815301076,1909f56bfc062723c751e8b465ee728b)  -> (artifact id: 'e71133d567706338f34a9fb41a2fb5f6') in 0.005490 seconds
  Import took 0.007463 seconds .

========================================================================
Received Prepare
Registering precompiled user dll's ...
Registered in 0.000772 seconds.
Begin MonoManager ReloadAssembly
Native extension for WindowsStandalone target not found
Native extension for WebGL target not found
Refreshing native plugins compatible for Editor in 0.22 ms, found 0 plugins.
Preloading 0 native plugins for Editor in 0.00 ms.
Invoked RoslynAnalysisRunner static constructor.
RoslynAnalysisRunner will not be running.
RoslynAnalysisRunner has terminated.
Mono: successfully reloaded assembly
- Completed reload, in  0.788 seconds
Platform modules already initialized, skipping
Refreshing native plugins compatible for Editor in 0.22 ms, found 0 plugins.
Preloading 0 native plugins for Editor in 0.00 ms.
Unloading 1221 Unused Serialized files (Serialized files now loaded: 0)
System memory in use before: 65.8 MB.
System memory in use after: 65.9 MB.

Unloading 5 unused Assets to reduce memory usage. Loaded Objects now: 1729.
Total: 1.641400 ms (FindLiveObjects: 0.163000 ms CreateObjectMapping: 0.029400 ms MarkObjects: 1.434200 ms  DeleteObjects: 0.014000 ms)

========================================================================
Received Import Request.
  Time since last request: 31.183482 seconds.
  path: Assets/Scripts/movPersonaje/primeraPersona.cs
  artifactKey: Guid(ac1ba1ccf8670904c8a0baa183d19905) Importer(815301076,1909f56bfc062723c751e8b465ee728b)
Start importing Assets/Scripts/movPersonaje/primeraPersona.cs using Guid(ac1ba1ccf8670904c8a0baa183d19905) Importer(815301076,1909f56bfc062723c751e8b465ee728b)  -> (artifact id: '6e8832d88e9727e952eac5807afa66f5') in 0.005661 seconds
  Import took 0.007671 seconds .

========================================================================
Received Prepare
Registering precompiled user dll's ...
Registered in 0.000829 seconds.
Begin MonoManager ReloadAssembly
Native extension for WindowsStandalone target not found
Native extension for WebGL target not found
Refreshing native plugins compatible for Editor in 0.24 ms, found 0 plugins.
Preloading 0 native plugins for Editor in 0.00 ms.
Invoked RoslynAnalysisRunner static constructor.
RoslynAnalysisRunner will not be running.
RoslynAnalysisRunner has terminated.
Mono: successfully reloaded assembly
- Completed reload, in  0.779 seconds
Platform modules already initialized, skipping
Refreshing native plugins compatible for Editor in 0.23 ms, found 0 plugins.
Preloading 0 native plugins for Editor in 0.00 ms.
Unloading 1221 Unused Serialized files (Serialized files now loaded: 0)
System memory in use before: 66.0 MB.
System memory in use after: 66.2 MB.

Unloading 5 unused Assets to reduce memory usage. Loaded Objects now: 1731.
Total: 1.597800 ms (FindLiveObjects: 0.150600 ms CreateObjectMapping: 0.029400 ms MarkObjects: 1.404000 ms  DeleteObjects: 0.012800 ms)

========================================================================
Received Prepare
Registering precompiled user dll's ...
Registered in 0.000873 seconds.
Begin MonoManager ReloadAssembly
Native extension for WindowsStandalone target not found
Native extension for WebGL target not found
Refreshing native plugins compatible for Editor in 0.22 ms, found 0 plugins.
Preloading 0 native plugins for Editor in 0.00 ms.
Invoked RoslynAnalysisRunner static constructor.
RoslynAnalysisRunner will not be running.
RoslynAnalysisRunner has terminated.
Mono: successfully reloaded assembly
- Completed reload, in  0.792 seconds
Platform modules already initialized, skipping
Refreshing native plugins compatible for Editor in 0.23 ms, found 0 plugins.
Preloading 0 native plugins for Editor in 0.00 ms.
Unloading 1221 Unused Serialized files (Serialized files now loaded: 0)
System memory in use before: 66.2 MB.
System memory in use after: 66.3 MB.

Unloading 5 unused Assets to reduce memory usage. Loaded Objects now: 1733.
Total: 1.623600 ms (FindLiveObjects: 0.161800 ms CreateObjectMapping: 0.030100 ms MarkObjects: 1.417000 ms  DeleteObjects: 0.013700 ms)

========================================================================
Received Prepare
Registering precompiled user dll's ...
Registered in 0.000890 seconds.
Begin MonoManager ReloadAssembly
Native extension for WindowsStandalone target not found
Native extension for WebGL target not found
Refreshing native plugins compatible for Editor in 0.21 ms, found 0 plugins.
Preloading 0 native plugins for Editor in 0.00 ms.
Invoked RoslynAnalysisRunner static constructor.
RoslynAnalysisRunner will not be running.
RoslynAnalysisRunner has terminated.
Mono: successfully reloaded assembly
- Completed reload, in  0.784 seconds
Platform modules already initialized, skipping
Refreshing native plugins compatible for Editor in 0.21 ms, found 0 plugins.
Preloading 0 native plugins for Editor in 0.00 ms.
Unloading 1221 Unused Serialized files (Serialized files now loaded: 0)
System memory in use before: 65.5 MB.
System memory in use after: 65.6 MB.

Unloading 5 unused Assets to reduce memory usage. Loaded Objects now: 1735.
Total: 1.642400 ms (FindLiveObjects: 0.155500 ms CreateObjectMapping: 0.029900 ms MarkObjects: 1.442000 ms  DeleteObjects: 0.014100 ms)

========================================================================
Received Prepare
Registering precompiled user dll's ...
Registered in 0.000774 seconds.
Begin MonoManager ReloadAssembly
Native extension for WindowsStandalone target not found
Native extension for WebGL target not found
Refreshing native plugins compatible for Editor in 0.21 ms, found 0 plugins.
Preloading 0 native plugins for Editor in 0.00 ms.
Invoked RoslynAnalysisRunner static constructor.
RoslynAnalysisRunner will not be running.
RoslynAnalysisRunner has terminated.
Mono: successfully reloaded assembly
- Completed reload, in  0.790 seconds
Platform modules already initialized, skipping
Refreshing native plugins compatible for Editor in 0.21 ms, found 0 plugins.
Preloading 0 native plugins for Editor in 0.00 ms.
Unloading 1221 Unused Serialized files (Serialized files now loaded: 0)
System memory in use before: 65.7 MB.
System memory in use after: 65.8 MB.

Unloading 5 unused Assets to reduce memory usage. Loaded Objects now: 1737.
Total: 1.654700 ms (FindLiveObjects: 0.154700 ms CreateObjectMapping: 0.029400 ms MarkObjects: 1.456300 ms  DeleteObjects: 0.013600 ms)

========================================================================
Received Prepare
Registering precompiled user dll's ...
Registered in 0.000800 seconds.
Begin MonoManager ReloadAssembly
Native extension for WindowsStandalone target not found
Native extension for WebGL target not found
Refreshing native plugins compatible for Editor in 0.21 ms, found 0 plugins.
Preloading 0 native plugins for Editor in 0.00 ms.
Invoked RoslynAnalysisRunner static constructor.
RoslynAnalysisRunner will not be running.
RoslynAnalysisRunner has terminated.
Mono: successfully reloaded assembly
- Completed reload, in  0.788 seconds
Platform modules already initialized, skipping
Refreshing native plugins compatible for Editor in 0.21 ms, found 0 plugins.
Preloading 0 native plugins for Editor in 0.00 ms.
Unloading 1221 Unused Serialized files (Serialized files now loaded: 0)
System memory in use before: 65.9 MB.
System memory in use after: 66.0 MB.

Unloading 5 unused Assets to reduce memory usage. Loaded Objects now: 1739.
Total: 1.776400 ms (FindLiveObjects: 0.151800 ms CreateObjectMapping: 0.029700 ms MarkObjects: 1.577500 ms  DeleteObjects: 0.016200 ms)

========================================================================
Received Prepare
Registering precompiled user dll's ...
Registered in 0.000786 seconds.
Begin MonoManager ReloadAssembly
Native extension for WindowsStandalone target not found
Native extension for WebGL target not found
Refreshing native plugins compatible for Editor in 0.22 ms, found 0 plugins.
Preloading 0 native plugins for Editor in 0.00 ms.
Invoked RoslynAnalysisRunner static constructor.
RoslynAnalysisRunner will not be running.
RoslynAnalysisRunner has terminated.
Mono: successfully reloaded assembly
- Completed reload, in  0.788 seconds
Platform modules already initialized, skipping
Refreshing native plugins compatible for Editor in 0.23 ms, found 0 plugins.
Preloading 0 native plugins for Editor in 0.00 ms.
Unloading 1221 Unused Serialized files (Serialized files now loaded: 0)
System memory in use before: 66.1 MB.
System memory in use after: 66.2 MB.

Unloading 5 unused Assets to reduce memory usage. Loaded Objects now: 1741.
Total: 1.646700 ms (FindLiveObjects: 0.158000 ms CreateObjectMapping: 0.029800 ms MarkObjects: 1.444400 ms  DeleteObjects: 0.013700 ms)

========================================================================
Received Prepare
Registering precompiled user dll's ...
Registered in 0.000797 seconds.
Begin MonoManager ReloadAssembly
Native extension for WindowsStandalone target not found
Native extension for WebGL target not found
Refreshing native plugins compatible for Editor in 0.21 ms, found 0 plugins.
Preloading 0 native plugins for Editor in 0.00 ms.
Invoked RoslynAnalysisRunner static constructor.
RoslynAnalysisRunner will not be running.
RoslynAnalysisRunner has terminated.
Mono: successfully reloaded assembly
- Completed reload, in  0.796 seconds
Platform modules already initialized, skipping
Refreshing native plugins compatible for Editor in 0.23 ms, found 0 plugins.
Preloading 0 native plugins for Editor in 0.00 ms.
Unloading 1221 Unused Serialized files (Serialized files now loaded: 0)
System memory in use before: 66.2 MB.
System memory in use after: 66.3 MB.

Unloading 5 unused Assets to reduce memory usage. Loaded Objects now: 1743.
Total: 1.648700 ms (FindLiveObjects: 0.160200 ms CreateObjectMapping: 0.029500 ms MarkObjects: 1.444100 ms  DeleteObjects: 0.013900 ms)

========================================================================
Received Prepare
Registering precompiled user dll's ...
Registered in 0.000791 seconds.
Begin MonoManager ReloadAssembly
Native extension for WindowsStandalone target not found
Native extension for WebGL target not found
Refreshing native plugins compatible for Editor in 0.23 ms, found 0 plugins.
Preloading 0 native plugins for Editor in 0.00 ms.
Invoked RoslynAnalysisRunner static constructor.
RoslynAnalysisRunner will not be running.
RoslynAnalysisRunner has terminated.
Mono: successfully reloaded assembly
- Completed reload, in  0.780 seconds
Platform modules already initialized, skipping
Refreshing native plugins compatible for Editor in 0.23 ms, found 0 plugins.
Preloading 0 native plugins for Editor in 0.00 ms.
Unloading 1221 Unused Serialized files (Serialized files now loaded: 0)
System memory in use before: 65.5 MB.
System memory in use after: 65.6 MB.

Unloading 5 unused Assets to reduce memory usage. Loaded Objects now: 1745.
Total: 1.687400 ms (FindLiveObjects: 0.161600 ms CreateObjectMapping: 0.030000 ms MarkObjects: 1.481100 ms  DeleteObjects: 0.013800 ms)

========================================================================
Received Prepare
Registering precompiled user dll's ...
Registered in 0.000787 seconds.
Begin MonoManager ReloadAssembly
Native extension for WindowsStandalone target not found
Native extension for WebGL target not found
Refreshing native plugins compatible for Editor in 0.21 ms, found 0 plugins.
Preloading 0 native plugins for Editor in 0.00 ms.
Invoked RoslynAnalysisRunner static constructor.
RoslynAnalysisRunner will not be running.
RoslynAnalysisRunner has terminated.
Mono: successfully reloaded assembly
- Completed reload, in  0.785 seconds
Platform modules already initialized, skipping
Refreshing native plugins compatible for Editor in 0.22 ms, found 0 plugins.
Preloading 0 native plugins for Editor in 0.00 ms.
Unloading 1221 Unused Serialized files (Serialized files now loaded: 0)
System memory in use before: 65.8 MB.
System memory in use after: 65.9 MB.

Unloading 5 unused Assets to reduce memory usage. Loaded Objects now: 1747.
Total: 1.745700 ms (FindLiveObjects: 0.164900 ms CreateObjectMapping: 0.028700 ms MarkObjects: 1.534100 ms  DeleteObjects: 0.016800 ms)

========================================================================
Received Prepare
Registering precompiled user dll's ...
Registered in 0.000784 seconds.
Begin MonoManager ReloadAssembly
Native extension for WindowsStandalone target not found
Native extension for WebGL target not found
Refreshing native plugins compatible for Editor in 0.21 ms, found 0 plugins.
Preloading 0 native plugins for Editor in 0.00 ms.
Invoked RoslynAnalysisRunner static constructor.
RoslynAnalysisRunner will not be running.
RoslynAnalysisRunner has terminated.
Mono: successfully reloaded assembly
- Completed reload, in  0.782 seconds
Platform modules already initialized, skipping
Refreshing native plugins compatible for Editor in 0.28 ms, found 0 plugins.
Preloading 0 native plugins for Editor in 0.00 ms.
Unloading 1221 Unused Serialized files (Serialized files now loaded: 0)
System memory in use before: 66.0 MB.
System memory in use after: 66.1 MB.

Unloading 5 unused Assets to reduce memory usage. Loaded Objects now: 1749.
Total: 1.664600 ms (FindLiveObjects: 0.163900 ms CreateObjectMapping: 0.031900 ms MarkObjects: 1.453100 ms  DeleteObjects: 0.014900 ms)

========================================================================
Received Prepare
Registering precompiled user dll's ...
Registered in 0.000840 seconds.
Begin MonoManager ReloadAssembly
Native extension for WindowsStandalone target not found
Native extension for WebGL target not found
Refreshing native plugins compatible for Editor in 0.22 ms, found 0 plugins.
Preloading 0 native plugins for Editor in 0.00 ms.
Invoked RoslynAnalysisRunner static constructor.
RoslynAnalysisRunner will not be running.
RoslynAnalysisRunner has terminated.
Mono: successfully reloaded assembly
- Completed reload, in  0.788 seconds
Platform modules already initialized, skipping
Refreshing native plugins compatible for Editor in 0.22 ms, found 0 plugins.
Preloading 0 native plugins for Editor in 0.00 ms.
Unloading 1221 Unused Serialized files (Serialized files now loaded: 0)
System memory in use before: 66.2 MB.
System memory in use after: 66.3 MB.

Unloading 5 unused Assets to reduce memory usage. Loaded Objects now: 1751.
Total: 1.594500 ms (FindLiveObjects: 0.156100 ms CreateObjectMapping: 0.029200 ms MarkObjects: 1.395500 ms  DeleteObjects: 0.012500 ms)

AssetImportWorkerClient::OnTransportError - code=2 error=End of file
