Using pre-set license
Built from '2020.2/release' branch; Version is '2020.2.1f1 (270dd8c3da1c) revision 2559448'; Using compiler version '192528614'; Build Type 'Release'
OS: 'Windows 10  (10.0.0) 64bit' Language: 'es' Physical Memory: 16328 MB
BatchMode: 1, IsHumanControllingUs: 0, StartBugReporterOnCrash: 0, Is64bit: 1, IsPro: 0

 COMMAND LINE ARGUMENTS:
C:\Program Files\Unity\Hub\Editor\2020.2.1f1\Editor\Unity.exe
-adb2
-batchMode
-noUpm
-name
AssetImportWorker0
-projectPath
C:/Users/stree/OneDrive/Documentos/GitHub/GGJ2021/project
-logFile
Logs/AssetImportWorker0.log
-srvPort
65393
Successfully changed project path to: C:/Users/stree/OneDrive/Documentos/GitHub/GGJ2021/project
C:/Users/stree/OneDrive/Documentos/GitHub/GGJ2021/project
Using Asset Import Pipeline V2.
Refreshing native plugins compatible for Editor in 17.24 ms, found 0 plugins.
Preloading 0 native plugins for Editor in 0.00 ms.
Initialize engine version: 2020.2.1f1 (270dd8c3da1c)
[Subsystems] Discovering subsystems at path C:/Program Files/Unity/Hub/Editor/2020.2.1f1/Editor/Data/Resources/UnitySubsystems
[Subsystems] Discovering subsystems at path C:/Users/stree/OneDrive/Documentos/GitHub/GGJ2021/project/Assets
GfxDevice: creating device client; threaded=0
Direct3D:
    Version:  Direct3D 11.0 [level 11.1]
    Renderer: NVIDIA GeForce RTX 2060 (ID=0x1f08)
    Vendor:   
    VRAM:     5980 MB
    Driver:   27.21.14.6140
Initialize mono
Mono path[0] = 'C:/Program Files/Unity/Hub/Editor/2020.2.1f1/Editor/Data/Managed'
Mono path[1] = 'C:/Program Files/Unity/Hub/Editor/2020.2.1f1/Editor/Data/MonoBleedingEdge/lib/mono/unityjit'
Mono config path = 'C:/Program Files/Unity/Hub/Editor/2020.2.1f1/Editor/Data/MonoBleedingEdge/etc'
Using monoOptions --debugger-agent=transport=dt_socket,embedding=1,server=y,suspend=n,address=127.0.0.1:56876
Begin MonoManager ReloadAssembly
Registering precompiled unity dll's ...
Register platform support module: C:/Program Files/Unity/Hub/Editor/2020.2.1f1/Editor/Data/PlaybackEngines/WindowsStandaloneSupport/UnityEditor.WindowsStandalone.Extensions.dll
Registered in 0.001247 seconds.
Native extension for WindowsStandalone target not found
Refreshing native plugins compatible for Editor in 17.29 ms, found 0 plugins.
Preloading 0 native plugins for Editor in 0.00 ms.
Invoked RoslynAnalysisRunner static constructor.
RoslynAnalysisRunner will not be running.
RoslynAnalysisRunner has terminated.
Mono: successfully reloaded assembly
- Completed reload, in  1.244 seconds
Platform modules already initialized, skipping
Registering precompiled user dll's ...
Registered in 0.000425 seconds.
Begin MonoManager ReloadAssembly
Native extension for WindowsStandalone target not found
Refreshing native plugins compatible for Editor in 0.20 ms, found 0 plugins.
Preloading 0 native plugins for Editor in 0.00 ms.
Invoked RoslynAnalysisRunner static constructor.
RoslynAnalysisRunner will not be running.
RoslynAnalysisRunner has terminated.
Mono: successfully reloaded assembly
- Completed reload, in  0.530 seconds
Platform modules already initialized, skipping
========================================================================
Worker process is ready to serve import requests
Launched and connected shader compiler UnityShaderCompiler.exe after 0.02 seconds
Refreshing native plugins compatible for Editor in 0.22 ms, found 0 plugins.
Preloading 0 native plugins for Editor in 0.00 ms.
Unloading 1230 Unused Serialized files (Serialized files now loaded: 0)
System memory in use before: 60.9 MB.
System memory in use after: 61.0 MB.

Unloading 10 unused Assets to reduce memory usage. Loaded Objects now: 1672.
Total: 1.487400 ms (FindLiveObjects: 0.187500 ms CreateObjectMapping: 0.056800 ms MarkObjects: 1.208000 ms  DeleteObjects: 0.034500 ms)

========================================================================
Received Import Request.
  path: Assets/generador/plataformas/PlataformaBase.fbx
  artifactKey: Guid(5e8e76c131563b146a737173c8cc2885) Importer(815301076,1909f56bfc062723c751e8b465ee728b)
Start importing Assets/generador/plataformas/PlataformaBase.fbx using Guid(5e8e76c131563b146a737173c8cc2885) Importer(815301076,1909f56bfc062723c751e8b465ee728b)  -> (artifact id: 'db37bda2abe0f57c49834a538e412424') in 0.148321 seconds
  Import took 0.150236 seconds .

========================================================================
Received Import Request.
  Time since last request: 54.596822 seconds.
  path: Assets/Modelados/Materials/Aro.mat
  artifactKey: Guid(e98d663f3eda13044b99fea1f3a42bf7) Importer(815301076,1909f56bfc062723c751e8b465ee728b)
Start importing Assets/Modelados/Materials/Aro.mat using Guid(e98d663f3eda13044b99fea1f3a42bf7) Importer(815301076,1909f56bfc062723c751e8b465ee728b)  -> (artifact id: '58f1acc056827a75bc21691ccf436cff') in 0.027988 seconds
  Import took 0.030154 seconds .

========================================================================
Received Import Request.
  Time since last request: 0.000103 seconds.
  path: Assets/Modelados/Materials/Puerta.mat
  artifactKey: Guid(dcf64554317f94243adbfdfab7d47788) Importer(815301076,1909f56bfc062723c751e8b465ee728b)
Start importing Assets/Modelados/Materials/Puerta.mat using Guid(dcf64554317f94243adbfdfab7d47788) Importer(815301076,1909f56bfc062723c751e8b465ee728b)  -> (artifact id: '3c9078d893292c466e194dac1abccbc1') in 0.015542 seconds
  Import took 0.017212 seconds .

========================================================================
Received Import Request.
  Time since last request: 0.000106 seconds.
  path: Assets/Modelados/Materials/Aro.mat
  artifactKey: Guid(e98d663f3eda13044b99fea1f3a42bf7) Importer(815301076,1909f56bfc062723c751e8b465ee728b)
Start importing Assets/Modelados/Materials/Aro.mat using Guid(e98d663f3eda13044b99fea1f3a42bf7) Importer(815301076,1909f56bfc062723c751e8b465ee728b)  -> (artifact id: '58f1acc056827a75bc21691ccf436cff') in 0.012897 seconds
  Import took 0.014399 seconds .

========================================================================
Received Import Request.
  Time since last request: 0.000100 seconds.
  path: Assets/Modelados/Materials/Base.mat
  artifactKey: Guid(35b60ff7c811c154bac3358e7b520c97) Importer(815301076,1909f56bfc062723c751e8b465ee728b)
Start importing Assets/Modelados/Materials/Base.mat using Guid(35b60ff7c811c154bac3358e7b520c97) Importer(815301076,1909f56bfc062723c751e8b465ee728b)  -> (artifact id: '7b19902a414bec19cb968c96a00ee730') in 0.015025 seconds
  Import took 0.016613 seconds .

========================================================================
Received Import Request.
  Time since last request: 0.000375 seconds.
  path: Assets/Modelados/Materials/Base.mat
  artifactKey: Guid(35b60ff7c811c154bac3358e7b520c97) Importer(815301076,1909f56bfc062723c751e8b465ee728b)
Start importing Assets/Modelados/Materials/Base.mat using Guid(35b60ff7c811c154bac3358e7b520c97) Importer(815301076,1909f56bfc062723c751e8b465ee728b)  -> (artifact id: '7b19902a414bec19cb968c96a00ee730') in 0.011157 seconds
  Import took 0.012722 seconds .

AssetImportWorkerClient::OnTransportError - code=2 error=End of file
