Using pre-set license
Built from '2020.2/release' branch; Version is '2020.2.1f1 (270dd8c3da1c) revision 2559448'; Using compiler version '192528614'; Build Type 'Release'
OS: 'Windows 10  (10.0.0) 64bit' Language: 'es' Physical Memory: 16314 MB
BatchMode: 1, IsHumanControllingUs: 0, StartBugReporterOnCrash: 0, Is64bit: 1, IsPro: 0

 COMMAND LINE ARGUMENTS:
C:\Program Files\2020.2.1f1\Editor\Unity.exe
-adb2
-batchMode
-noUpm
-name
AssetImportWorker0
-projectPath
C:/Users/adria/OneDrive/Documentos/GJ/GGJ2021/project
-logFile
Logs/AssetImportWorker0.log
-srvPort
52363
Successfully changed project path to: C:/Users/adria/OneDrive/Documentos/GJ/GGJ2021/project
C:/Users/adria/OneDrive/Documentos/GJ/GGJ2021/project
Using Asset Import Pipeline V2.
Refreshing native plugins compatible for Editor in 26.00 ms, found 0 plugins.
Preloading 0 native plugins for Editor in 0.00 ms.
Initialize engine version: 2020.2.1f1 (270dd8c3da1c)
[Subsystems] Discovering subsystems at path C:/Program Files/2020.2.1f1/Editor/Data/Resources/UnitySubsystems
[Subsystems] Discovering subsystems at path C:/Users/adria/OneDrive/Documentos/GJ/GGJ2021/project/Assets
GfxDevice: creating device client; threaded=0
Direct3D:
    Version:  Direct3D 11.0 [level 11.1]
    Renderer: NVIDIA GeForce RTX 2060 (ID=0x1f08)
    Vendor:   
    VRAM:     5980 MB
    Driver:   27.21.14.6140
Initialize mono
Mono path[0] = 'C:/Program Files/2020.2.1f1/Editor/Data/Managed'
Mono path[1] = 'C:/Program Files/2020.2.1f1/Editor/Data/MonoBleedingEdge/lib/mono/unityjit'
Mono config path = 'C:/Program Files/2020.2.1f1/Editor/Data/MonoBleedingEdge/etc'
Using monoOptions --debugger-agent=transport=dt_socket,embedding=1,server=y,suspend=n,address=127.0.0.1:56960
Begin MonoManager ReloadAssembly
Registering precompiled unity dll's ...
Register platform support module: C:/Program Files/2020.2.1f1/Editor/Data/PlaybackEngines/WebGLSupport/UnityEditor.WebGL.Extensions.dll
Register platform support module: C:/Program Files/2020.2.1f1/Editor/Data/PlaybackEngines/WindowsStandaloneSupport/UnityEditor.WindowsStandalone.Extensions.dll
Registered in 0.002573 seconds.
Native extension for WindowsStandalone target not found
Native extension for WebGL target not found
Refreshing native plugins compatible for Editor in 25.70 ms, found 0 plugins.
Preloading 0 native plugins for Editor in 0.00 ms.
Invoked RoslynAnalysisRunner static constructor.
RoslynAnalysisRunner will not be running.
RoslynAnalysisRunner has terminated.
Mono: successfully reloaded assembly
- Completed reload, in  1.192 seconds
Platform modules already initialized, skipping
Registering precompiled user dll's ...
Registered in 0.000900 seconds.
Begin MonoManager ReloadAssembly
Native extension for WindowsStandalone target not found
Native extension for WebGL target not found
Refreshing native plugins compatible for Editor in 0.23 ms, found 0 plugins.
Preloading 0 native plugins for Editor in 0.00 ms.
Invoked RoslynAnalysisRunner static constructor.
RoslynAnalysisRunner will not be running.
RoslynAnalysisRunner has terminated.
Mono: successfully reloaded assembly
- Completed reload, in  0.851 seconds
Platform modules already initialized, skipping
========================================================================
Worker process is ready to serve import requests
Launched and connected shader compiler UnityShaderCompiler.exe after 0.05 seconds
Refreshing native plugins compatible for Editor in 0.24 ms, found 0 plugins.
Preloading 0 native plugins for Editor in 0.00 ms.
Unloading 1231 Unused Serialized files (Serialized files now loaded: 0)
System memory in use before: 61.0 MB.
System memory in use after: 61.0 MB.

Unloading 10 unused Assets to reduce memory usage. Loaded Objects now: 1674.
Total: 1.878200 ms (FindLiveObjects: 0.180700 ms CreateObjectMapping: 0.034500 ms MarkObjects: 1.593200 ms  DeleteObjects: 0.068200 ms)

========================================================================
Received Import Request.
  path: Assets/New Folder
  artifactKey: Guid(01955135d397a3a43af0a6ed3f4aa554) Importer(815301076,1909f56bfc062723c751e8b465ee728b)
Start importing Assets/New Folder using Guid(01955135d397a3a43af0a6ed3f4aa554) Importer(815301076,1909f56bfc062723c751e8b465ee728b)  -> (artifact id: '233205b11a9e6c234c4d53d6bc67337f') in 0.009919 seconds
  Import took 0.012409 seconds .

========================================================================
Received Import Request.
  Time since last request: 1.943807 seconds.
  path: Assets/Fuente
  artifactKey: Guid(01955135d397a3a43af0a6ed3f4aa554) Importer(815301076,1909f56bfc062723c751e8b465ee728b)
Start importing Assets/Fuente using Guid(01955135d397a3a43af0a6ed3f4aa554) Importer(815301076,1909f56bfc062723c751e8b465ee728b)  -> (artifact id: '433e3fc14e97532c7b1b735d53303ee3') in 0.009294 seconds
  Import took 0.011477 seconds .

========================================================================
Received Import Request.
  Time since last request: 6.752107 seconds.
  path: Assets/Font
  artifactKey: Guid(01955135d397a3a43af0a6ed3f4aa554) Importer(815301076,1909f56bfc062723c751e8b465ee728b)
Start importing Assets/Font using Guid(01955135d397a3a43af0a6ed3f4aa554) Importer(815301076,1909f56bfc062723c751e8b465ee728b)  -> (artifact id: 'e8a47d9aa08c3a675133667a739c0b2b') in 0.008942 seconds
  Import took 0.011677 seconds .

========================================================================
Received Import Request.
  Time since last request: 5.030818 seconds.
  path: Assets/Font/Stay_and_Shine.ttf
  artifactKey: Guid(52239bfa670d1b741b0609c462b4d2e8) Importer(815301076,1909f56bfc062723c751e8b465ee728b)
Start importing Assets/Font/Stay_and_Shine.ttf using Guid(52239bfa670d1b741b0609c462b4d2e8) Importer(815301076,1909f56bfc062723c751e8b465ee728b)  -> (artifact id: '6307569738e0fd2a7becf2e4607d6e59') in 0.135169 seconds
  Import took 0.137328 seconds .

========================================================================
Received Import Request.
  Time since last request: 51.273588 seconds.
  path: Assets/Diseño
  artifactKey: Guid(917732cd78d804a4c9bd183df8e8009a) Importer(815301076,1909f56bfc062723c751e8b465ee728b)
Start importing Assets/Diseño using Guid(917732cd78d804a4c9bd183df8e8009a) Importer(815301076,1909f56bfc062723c751e8b465ee728b)  -> (artifact id: 'e6fe020082e0e3fad0ed6778f24d8fbd') in 0.008899 seconds
  Import took 0.011321 seconds .

========================================================================
Received Import Request.
  Time since last request: 0.000302 seconds.
  path: Assets/Diseño
  artifactKey: Guid(917732cd78d804a4c9bd183df8e8009a) Importer(815301076,1909f56bfc062723c751e8b465ee728b)
Start importing Assets/Diseño using Guid(917732cd78d804a4c9bd183df8e8009a) Importer(815301076,1909f56bfc062723c751e8b465ee728b)  -> (artifact id: 'e6fe020082e0e3fad0ed6778f24d8fbd') in 0.003500 seconds
  Import took 0.005187 seconds .

========================================================================
Received Import Request.
  Time since last request: 9.352359 seconds.
  path: Assets/Diseño/Botones
  artifactKey: Guid(7cde1a5cd06d825449640a3f8ae54dbc) Importer(815301076,1909f56bfc062723c751e8b465ee728b)
Start importing Assets/Diseño/Botones using Guid(7cde1a5cd06d825449640a3f8ae54dbc) Importer(815301076,1909f56bfc062723c751e8b465ee728b)  -> (artifact id: 'b9aa00a26474cd964c93a0e75261ec98') in 0.008877 seconds
  Import took 0.011413 seconds .

========================================================================
Received Import Request.
  Time since last request: 4.946354 seconds.
  path: Assets/Diseño/Botones/BOTONES.png
  artifactKey: Guid(2d746a624a95619469fb05105328d9c8) Importer(815301076,1909f56bfc062723c751e8b465ee728b)
Start importing Assets/Diseño/Botones/BOTONES.png using Guid(2d746a624a95619469fb05105328d9c8) Importer(815301076,1909f56bfc062723c751e8b465ee728b)  -> (artifact id: 'c58cc1680298362c347817512474792e') in 0.057883 seconds
  Import took 0.060527 seconds .

========================================================================
Received Import Request.
  Time since last request: 14.301748 seconds.
  path: Assets/Diseño/Botones/BOTONES.png
  artifactKey: Guid(2d746a624a95619469fb05105328d9c8) Importer(815301076,1909f56bfc062723c751e8b465ee728b)
Start importing Assets/Diseño/Botones/BOTONES.png using Guid(2d746a624a95619469fb05105328d9c8) Importer(815301076,1909f56bfc062723c751e8b465ee728b)  -> (artifact id: 'f6dd255b05f2635bb792c18741144e71') in 0.069115 seconds
  Import took 0.071599 seconds .

========================================================================
Received Prepare
Registering precompiled user dll's ...
Registered in 0.000827 seconds.
Begin MonoManager ReloadAssembly
Native extension for WindowsStandalone target not found
Native extension for WebGL target not found
Refreshing native plugins compatible for Editor in 0.24 ms, found 0 plugins.
Preloading 0 native plugins for Editor in 0.00 ms.
Invoked RoslynAnalysisRunner static constructor.
RoslynAnalysisRunner will not be running.
RoslynAnalysisRunner has terminated.
Mono: successfully reloaded assembly
- Completed reload, in  0.804 seconds
Platform modules already initialized, skipping
Refreshing native plugins compatible for Editor in 0.24 ms, found 0 plugins.
Preloading 0 native plugins for Editor in 0.00 ms.
Unloading 1259 Unused Serialized files (Serialized files now loaded: 0)
System memory in use before: 65.8 MB.
System memory in use after: 65.9 MB.

Unloading 5 unused Assets to reduce memory usage. Loaded Objects now: 1758.
Total: 1.712200 ms (FindLiveObjects: 0.179300 ms CreateObjectMapping: 0.034200 ms MarkObjects: 1.484100 ms  DeleteObjects: 0.013500 ms)

========================================================================
Received Import Request.
  Time since last request: 552.509160 seconds.
  path: Assets/Diseño/Botones/BOTONES.png
  artifactKey: Guid(2d746a624a95619469fb05105328d9c8) Importer(815301076,1909f56bfc062723c751e8b465ee728b)
Start importing Assets/Diseño/Botones/BOTONES.png using Guid(2d746a624a95619469fb05105328d9c8) Importer(815301076,1909f56bfc062723c751e8b465ee728b)  -> (artifact id: 'd5725ed938da46811750917a4bbb8244') in 0.094616 seconds
  Import took 0.097454 seconds .

========================================================================
Received Import Request.
  Time since last request: 188.042047 seconds.
  path: Assets/Diseño/Botones/Rostro.png
  artifactKey: Guid(d83bad880f970074181a9814fa3f64c4) Importer(815301076,1909f56bfc062723c751e8b465ee728b)
Start importing Assets/Diseño/Botones/Rostro.png using Guid(d83bad880f970074181a9814fa3f64c4) Importer(815301076,1909f56bfc062723c751e8b465ee728b)  -> (artifact id: '45bfb036dfcda0472c4b619299e75b8b') in 0.024015 seconds
  Import took 0.026710 seconds .

========================================================================
Received Import Request.
  Time since last request: 4.880312 seconds.
  path: Assets/Diseño/Botones/nave.png
  artifactKey: Guid(34da1c3b93fe8204d80f0b92cdf23ba1) Importer(815301076,1909f56bfc062723c751e8b465ee728b)
Start importing Assets/Diseño/Botones/nave.png using Guid(34da1c3b93fe8204d80f0b92cdf23ba1) Importer(815301076,1909f56bfc062723c751e8b465ee728b)  -> (artifact id: 'b429c05f53dff9e5dcb6293f0d62046f') in 0.021000 seconds
  Import took 0.023384 seconds .

========================================================================
Received Import Request.
  Time since last request: 2.730949 seconds.
  path: Assets/Diseño/Botones/Logo.png
  artifactKey: Guid(14f2eff3d3da13241b28c1e93b9ebd9d) Importer(815301076,1909f56bfc062723c751e8b465ee728b)
Start importing Assets/Diseño/Botones/Logo.png using Guid(14f2eff3d3da13241b28c1e93b9ebd9d) Importer(815301076,1909f56bfc062723c751e8b465ee728b)  -> (artifact id: '281578b361c2207b1d3a4009dd9bed35') in 0.041301 seconds
  Import took 0.043519 seconds .

========================================================================
Received Import Request.
  Time since last request: 63.181871 seconds.
  path: Assets/Diseño/Rostro.png
  artifactKey: Guid(d83bad880f970074181a9814fa3f64c4) Importer(815301076,1909f56bfc062723c751e8b465ee728b)
Start importing Assets/Diseño/Rostro.png using Guid(d83bad880f970074181a9814fa3f64c4) Importer(815301076,1909f56bfc062723c751e8b465ee728b)  -> (artifact id: 'dfdf911c89384a748c9ad4be9250fc14') in 0.023167 seconds
  Import took 0.025641 seconds .

========================================================================
Received Import Request.
  Time since last request: 0.003313 seconds.
  path: Assets/Diseño/Rostro.png
  artifactKey: Guid(d83bad880f970074181a9814fa3f64c4) Importer(815301076,1909f56bfc062723c751e8b465ee728b)
Start importing Assets/Diseño/Rostro.png using Guid(d83bad880f970074181a9814fa3f64c4) Importer(815301076,1909f56bfc062723c751e8b465ee728b)  -> (artifact id: 'dfdf911c89384a748c9ad4be9250fc14') in 0.023759 seconds
  Import took 0.025742 seconds .

========================================================================
Received Import Request.
  Time since last request: 13.913473 seconds.
  path: Assets/Diseño/nave.png
  artifactKey: Guid(34da1c3b93fe8204d80f0b92cdf23ba1) Importer(815301076,1909f56bfc062723c751e8b465ee728b)
Start importing Assets/Diseño/nave.png using Guid(34da1c3b93fe8204d80f0b92cdf23ba1) Importer(815301076,1909f56bfc062723c751e8b465ee728b)  -> (artifact id: '7c077b676af127d6c739b386374e6c15') in 0.023092 seconds
  Import took 0.025390 seconds .

========================================================================
Received Import Request.
  Time since last request: 0.002719 seconds.
  path: Assets/Diseño/nave.png
  artifactKey: Guid(34da1c3b93fe8204d80f0b92cdf23ba1) Importer(815301076,1909f56bfc062723c751e8b465ee728b)
Start importing Assets/Diseño/nave.png using Guid(34da1c3b93fe8204d80f0b92cdf23ba1) Importer(815301076,1909f56bfc062723c751e8b465ee728b)  -> (artifact id: '7c077b676af127d6c739b386374e6c15') in 0.017404 seconds
  Import took 0.019720 seconds .

========================================================================
Received Import Request.
  Time since last request: 7.087807 seconds.
  path: Assets/Diseño/Logo.png
  artifactKey: Guid(14f2eff3d3da13241b28c1e93b9ebd9d) Importer(815301076,1909f56bfc062723c751e8b465ee728b)
Start importing Assets/Diseño/Logo.png using Guid(14f2eff3d3da13241b28c1e93b9ebd9d) Importer(815301076,1909f56bfc062723c751e8b465ee728b)  -> (artifact id: 'e17e27c82ff369f73610efc3728ac01e') in 0.016519 seconds
  Import took 0.018711 seconds .

========================================================================
Received Import Request.
  Time since last request: 68.066238 seconds.
  path: Assets/generador/plataformas/meshes/TextureBase/p_circularpuerta_Aro_BaseColor.png
  artifactKey: Guid(9ae18cc07a71c214097ff593fbf144a0) Importer(815301076,1909f56bfc062723c751e8b465ee728b)
Start importing Assets/generador/plataformas/meshes/TextureBase/p_circularpuerta_Aro_BaseColor.png using Guid(9ae18cc07a71c214097ff593fbf144a0) Importer(815301076,1909f56bfc062723c751e8b465ee728b)  -> (artifact id: 'db315adde09df6034592c11a18ac5e53') in 0.029087 seconds
  Import took 0.031450 seconds .

========================================================================
Received Import Request.
  Time since last request: 0.000210 seconds.
  path: Assets/generador/plataformas/meshes/TextureBase/p_circularpuerta_Base_BaseColor.png
  artifactKey: Guid(5bea20a8ba8e35d4a8e3af5f5b18dbac) Importer(815301076,1909f56bfc062723c751e8b465ee728b)
Start importing Assets/generador/plataformas/meshes/TextureBase/p_circularpuerta_Base_BaseColor.png using Guid(5bea20a8ba8e35d4a8e3af5f5b18dbac) Importer(815301076,1909f56bfc062723c751e8b465ee728b)  -> (artifact id: 'eec6007b3b85bf0fff1effca692a9888') in 0.027741 seconds
  Import took 0.029638 seconds .

========================================================================
Received Import Request.
  Time since last request: 0.000252 seconds.
  path: Assets/generador/plataformas/meshes/TextureBase/p_circularpuerta_Aro_Normal.png
  artifactKey: Guid(23ab2b20c3760c94aa4160c45ee50252) Importer(815301076,1909f56bfc062723c751e8b465ee728b)
Start importing Assets/generador/plataformas/meshes/TextureBase/p_circularpuerta_Aro_Normal.png using Guid(23ab2b20c3760c94aa4160c45ee50252) Importer(815301076,1909f56bfc062723c751e8b465ee728b)  -> (artifact id: 'e8d0b47c5091c9118f51092895d212ee') in 0.049926 seconds
  Import took 0.052117 seconds .

========================================================================
Received Import Request.
  Time since last request: 0.000162 seconds.
  path: Assets/generador/plataformas/meshes/TextureBase/p_circularpuerta_Aro_BaseColor.png
  artifactKey: Guid(9ae18cc07a71c214097ff593fbf144a0) Importer(815301076,1909f56bfc062723c751e8b465ee728b)
Start importing Assets/generador/plataformas/meshes/TextureBase/p_circularpuerta_Aro_BaseColor.png using Guid(9ae18cc07a71c214097ff593fbf144a0) Importer(815301076,1909f56bfc062723c751e8b465ee728b)  -> (artifact id: 'db315adde09df6034592c11a18ac5e53') in 0.007290 seconds
  Import took 0.009182 seconds .

========================================================================
Received Import Request.
  Time since last request: 0.000170 seconds.
  path: Assets/generador/plataformas/meshes/TextureBase/p_circularpuerta_Aro_OcclusionRoughnessMetallic.png
  artifactKey: Guid(387beb1aec6cdb24ca7138a331cb7c95) Importer(815301076,1909f56bfc062723c751e8b465ee728b)
Start importing Assets/generador/plataformas/meshes/TextureBase/p_circularpuerta_Aro_OcclusionRoughnessMetallic.png using Guid(387beb1aec6cdb24ca7138a331cb7c95) Importer(815301076,1909f56bfc062723c751e8b465ee728b)  -> (artifact id: 'cd602d936df66a142fcea3a49a809403') in 0.026507 seconds
  Import took 0.028602 seconds .

========================================================================
Received Import Request.
  Time since last request: 0.000184 seconds.
  path: Assets/generador/plataformas/meshes/TextureBase/p_circularpuerta_Aro_Normal.png
  artifactKey: Guid(23ab2b20c3760c94aa4160c45ee50252) Importer(815301076,1909f56bfc062723c751e8b465ee728b)
Start importing Assets/generador/plataformas/meshes/TextureBase/p_circularpuerta_Aro_Normal.png using Guid(23ab2b20c3760c94aa4160c45ee50252) Importer(815301076,1909f56bfc062723c751e8b465ee728b)  -> (artifact id: 'e8d0b47c5091c9118f51092895d212ee') in 0.015805 seconds
  Import took 0.017901 seconds .

========================================================================
Received Import Request.
  Time since last request: 560.916952 seconds.
  path: Assets/Diseño/Animaciones
  artifactKey: Guid(fa12252cc637ea441811626e2d428e81) Importer(815301076,1909f56bfc062723c751e8b465ee728b)
Start importing Assets/Diseño/Animaciones using Guid(fa12252cc637ea441811626e2d428e81) Importer(815301076,1909f56bfc062723c751e8b465ee728b)  -> (artifact id: 'de1269cfb5950cd295fb13dbcbb47c1a') in 0.007685 seconds
  Import took 0.009935 seconds .

========================================================================
Received Prepare
Registering precompiled user dll's ...
Registered in 0.000828 seconds.
Begin MonoManager ReloadAssembly
Native extension for WindowsStandalone target not found
Native extension for WebGL target not found
Refreshing native plugins compatible for Editor in 0.23 ms, found 0 plugins.
Preloading 0 native plugins for Editor in 0.00 ms.
Invoked RoslynAnalysisRunner static constructor.
RoslynAnalysisRunner will not be running.
RoslynAnalysisRunner has terminated.
Mono: successfully reloaded assembly
- Completed reload, in  0.805 seconds
Platform modules already initialized, skipping
Refreshing native plugins compatible for Editor in 0.25 ms, found 0 plugins.
Preloading 0 native plugins for Editor in 0.00 ms.
Unloading 1258 Unused Serialized files (Serialized files now loaded: 0)
System memory in use before: 66.1 MB.
System memory in use after: 66.2 MB.

Unloading 5 unused Assets to reduce memory usage. Loaded Objects now: 1774.
Total: 1.625500 ms (FindLiveObjects: 0.162500 ms CreateObjectMapping: 0.031300 ms MarkObjects: 1.416900 ms  DeleteObjects: 0.013800 ms)

========================================================================
Received Prepare
Registering precompiled user dll's ...
Registered in 0.000797 seconds.
Begin MonoManager ReloadAssembly
Native extension for WindowsStandalone target not found
Native extension for WebGL target not found
Refreshing native plugins compatible for Editor in 0.27 ms, found 0 plugins.
Preloading 0 native plugins for Editor in 0.00 ms.
Invoked RoslynAnalysisRunner static constructor.
RoslynAnalysisRunner will not be running.
RoslynAnalysisRunner has terminated.
Mono: successfully reloaded assembly
- Completed reload, in  0.799 seconds
Platform modules already initialized, skipping
Refreshing native plugins compatible for Editor in 0.24 ms, found 0 plugins.
Preloading 0 native plugins for Editor in 0.00 ms.
Unloading 1258 Unused Serialized files (Serialized files now loaded: 0)
System memory in use before: 66.4 MB.
System memory in use after: 66.5 MB.

Unloading 5 unused Assets to reduce memory usage. Loaded Objects now: 1776.
Total: 2.050000 ms (FindLiveObjects: 0.191900 ms CreateObjectMapping: 0.033000 ms MarkObjects: 1.805900 ms  DeleteObjects: 0.017800 ms)

========================================================================
Received Import Request.
  Time since last request: 342.142026 seconds.
  path: Assets/Diseño/Animaciones/FondoInicio.anim
  artifactKey: Guid(6a4576da944268a45a3ac8ea715e9139) Importer(815301076,1909f56bfc062723c751e8b465ee728b)
Start importing Assets/Diseño/Animaciones/FondoInicio.anim using Guid(6a4576da944268a45a3ac8ea715e9139) Importer(815301076,1909f56bfc062723c751e8b465ee728b)  -> (artifact id: 'baa49d19bc78b76916693166e9652aac') in 0.023675 seconds
  Import took 0.026034 seconds .

========================================================================
Received Import Request.
  Time since last request: 0.000910 seconds.
  path: Assets/Diseño/Animaciones/FondoInicio.anim
  artifactKey: Guid(6a4576da944268a45a3ac8ea715e9139) Importer(815301076,1909f56bfc062723c751e8b465ee728b)
Start importing Assets/Diseño/Animaciones/FondoInicio.anim using Guid(6a4576da944268a45a3ac8ea715e9139) Importer(815301076,1909f56bfc062723c751e8b465ee728b)  -> (artifact id: 'baa49d19bc78b76916693166e9652aac') in 0.004457 seconds
  Import took 0.006609 seconds .

========================================================================
Received Import Request.
  Time since last request: 24.430836 seconds.
  path: Assets/Scripts/menu/Animaciones/pantallaCarga.controller
  artifactKey: Guid(0c16775e4b306754db03cea22187685f) Importer(815301076,1909f56bfc062723c751e8b465ee728b)
Start importing Assets/Scripts/menu/Animaciones/pantallaCarga.controller using Guid(0c16775e4b306754db03cea22187685f) Importer(815301076,1909f56bfc062723c751e8b465ee728b)  -> (artifact id: '5721f10249e1a90e1492be9730a8a5e9') in 0.011390 seconds
  Import took 0.013656 seconds .

========================================================================
Received Prepare
Registering precompiled user dll's ...
Registered in 0.000811 seconds.
Begin MonoManager ReloadAssembly
Native extension for WindowsStandalone target not found
Native extension for WebGL target not found
Refreshing native plugins compatible for Editor in 0.26 ms, found 0 plugins.
Preloading 0 native plugins for Editor in 0.00 ms.
Invoked RoslynAnalysisRunner static constructor.
RoslynAnalysisRunner will not be running.
RoslynAnalysisRunner has terminated.
Mono: successfully reloaded assembly
- Completed reload, in  0.795 seconds
Platform modules already initialized, skipping
Refreshing native plugins compatible for Editor in 0.25 ms, found 0 plugins.
Preloading 0 native plugins for Editor in 0.00 ms.
Unloading 1258 Unused Serialized files (Serialized files now loaded: 0)
System memory in use before: 66.4 MB.
System memory in use after: 66.6 MB.

Unloading 5 unused Assets to reduce memory usage. Loaded Objects now: 1778.
Total: 1.935000 ms (FindLiveObjects: 0.183400 ms CreateObjectMapping: 0.030500 ms MarkObjects: 1.699300 ms  DeleteObjects: 0.020700 ms)

========================================================================
Received Prepare
Registering precompiled user dll's ...
Registered in 0.000913 seconds.
Begin MonoManager ReloadAssembly
Native extension for WindowsStandalone target not found
Native extension for WebGL target not found
Refreshing native plugins compatible for Editor in 0.30 ms, found 0 plugins.
Preloading 0 native plugins for Editor in 0.00 ms.
Invoked RoslynAnalysisRunner static constructor.
RoslynAnalysisRunner will not be running.
RoslynAnalysisRunner has terminated.
Mono: successfully reloaded assembly
- Completed reload, in  0.857 seconds
Platform modules already initialized, skipping
Refreshing native plugins compatible for Editor in 0.23 ms, found 0 plugins.
Preloading 0 native plugins for Editor in 0.00 ms.
Unloading 1258 Unused Serialized files (Serialized files now loaded: 0)
System memory in use before: 66.9 MB.
System memory in use after: 67.0 MB.

Unloading 5 unused Assets to reduce memory usage. Loaded Objects now: 1780.
Total: 2.484700 ms (FindLiveObjects: 0.192300 ms CreateObjectMapping: 0.030800 ms MarkObjects: 2.233400 ms  DeleteObjects: 0.025600 ms)

========================================================================
Received Prepare
Registering precompiled user dll's ...
Registered in 0.001200 seconds.
Begin MonoManager ReloadAssembly
Native extension for WindowsStandalone target not found
Native extension for WebGL target not found
Refreshing native plugins compatible for Editor in 0.24 ms, found 0 plugins.
Preloading 0 native plugins for Editor in 0.00 ms.
Invoked RoslynAnalysisRunner static constructor.
RoslynAnalysisRunner will not be running.
RoslynAnalysisRunner has terminated.
Mono: successfully reloaded assembly
- Completed reload, in  0.790 seconds
Platform modules already initialized, skipping
Refreshing native plugins compatible for Editor in 0.23 ms, found 0 plugins.
Preloading 0 native plugins for Editor in 0.00 ms.
Unloading 1258 Unused Serialized files (Serialized files now loaded: 0)
System memory in use before: 67.1 MB.
System memory in use after: 67.2 MB.

Unloading 5 unused Assets to reduce memory usage. Loaded Objects now: 1782.
Total: 1.649200 ms (FindLiveObjects: 0.197900 ms CreateObjectMapping: 0.030900 ms MarkObjects: 1.406200 ms  DeleteObjects: 0.012600 ms)

========================================================================
Received Import Request.
  Time since last request: 742.819263 seconds.
  path: Assets/Diseño/Botones/BOTONES.png
  artifactKey: Guid(2d746a624a95619469fb05105328d9c8) Importer(815301076,1909f56bfc062723c751e8b465ee728b)
Start importing Assets/Diseño/Botones/BOTONES.png using Guid(2d746a624a95619469fb05105328d9c8) Importer(815301076,1909f56bfc062723c751e8b465ee728b)  -> (artifact id: '23c77bcd3e27476b72f1e37e7b9be4c7') in 0.123831 seconds
  Import took 0.126176 seconds .

========================================================================
Received Prepare
Registering precompiled user dll's ...
Registered in 0.001010 seconds.
Begin MonoManager ReloadAssembly
Native extension for WindowsStandalone target not found
Native extension for WebGL target not found
Refreshing native plugins compatible for Editor in 0.27 ms, found 0 plugins.
Preloading 0 native plugins for Editor in 0.00 ms.
Invoked RoslynAnalysisRunner static constructor.
RoslynAnalysisRunner will not be running.
RoslynAnalysisRunner has terminated.
Mono: successfully reloaded assembly
- Completed reload, in  0.900 seconds
Platform modules already initialized, skipping
Refreshing native plugins compatible for Editor in 0.25 ms, found 0 plugins.
Preloading 0 native plugins for Editor in 0.00 ms.
Unloading 1258 Unused Serialized files (Serialized files now loaded: 0)
System memory in use before: 67.4 MB.
System memory in use after: 67.5 MB.

Unloading 5 unused Assets to reduce memory usage. Loaded Objects now: 1789.
Total: 1.849300 ms (FindLiveObjects: 0.218700 ms CreateObjectMapping: 0.031200 ms MarkObjects: 1.578900 ms  DeleteObjects: 0.019700 ms)

========================================================================
Received Prepare
Registering precompiled user dll's ...
Registered in 0.000835 seconds.
Begin MonoManager ReloadAssembly
Native extension for WindowsStandalone target not found
Native extension for WebGL target not found
Refreshing native plugins compatible for Editor in 0.25 ms, found 0 plugins.
Preloading 0 native plugins for Editor in 0.00 ms.
Invoked RoslynAnalysisRunner static constructor.
RoslynAnalysisRunner will not be running.
RoslynAnalysisRunner has terminated.
Mono: successfully reloaded assembly
- Completed reload, in  0.802 seconds
Platform modules already initialized, skipping
Refreshing native plugins compatible for Editor in 0.27 ms, found 0 plugins.
Preloading 0 native plugins for Editor in 0.00 ms.
Unloading 1258 Unused Serialized files (Serialized files now loaded: 0)
System memory in use before: 67.5 MB.
System memory in use after: 67.6 MB.

Unloading 5 unused Assets to reduce memory usage. Loaded Objects now: 1791.
Total: 1.738800 ms (FindLiveObjects: 0.191100 ms CreateObjectMapping: 0.031000 ms MarkObjects: 1.500300 ms  DeleteObjects: 0.015300 ms)

========================================================================
Received Prepare
Registering precompiled user dll's ...
Registered in 0.000812 seconds.
Begin MonoManager ReloadAssembly
Native extension for WindowsStandalone target not found
Native extension for WebGL target not found
Refreshing native plugins compatible for Editor in 0.24 ms, found 0 plugins.
Preloading 0 native plugins for Editor in 0.00 ms.
Invoked RoslynAnalysisRunner static constructor.
RoslynAnalysisRunner will not be running.
RoslynAnalysisRunner has terminated.
Mono: successfully reloaded assembly
- Completed reload, in  0.798 seconds
Platform modules already initialized, skipping
Refreshing native plugins compatible for Editor in 0.23 ms, found 0 plugins.
Preloading 0 native plugins for Editor in 0.00 ms.
Unloading 1258 Unused Serialized files (Serialized files now loaded: 0)
System memory in use before: 66.9 MB.
System memory in use after: 67.0 MB.

Unloading 5 unused Assets to reduce memory usage. Loaded Objects now: 1793.
Total: 1.618900 ms (FindLiveObjects: 0.168000 ms CreateObjectMapping: 0.029000 ms MarkObjects: 1.407400 ms  DeleteObjects: 0.013300 ms)

========================================================================
Received Import Request.
  Time since last request: 302.619826 seconds.
  path: Assets/Diseño/naveContorno.png
  artifactKey: Guid(1f72326e6624fc64b9505c2ba4f25925) Importer(815301076,1909f56bfc062723c751e8b465ee728b)
Start importing Assets/Diseño/naveContorno.png using Guid(1f72326e6624fc64b9505c2ba4f25925) Importer(815301076,1909f56bfc062723c751e8b465ee728b)  -> (artifact id: '38d550380fa83b457f42e20fbc1d6b9b') in 0.044806 seconds
  Import took 0.047047 seconds .

========================================================================
Received Import Request.
  Time since last request: 14.435321 seconds.
  path: Assets/Diseño/naveContorno.png
  artifactKey: Guid(1f72326e6624fc64b9505c2ba4f25925) Importer(815301076,1909f56bfc062723c751e8b465ee728b)
Start importing Assets/Diseño/naveContorno.png using Guid(1f72326e6624fc64b9505c2ba4f25925) Importer(815301076,1909f56bfc062723c751e8b465ee728b)  -> (artifact id: 'e5d98275fba6937f2017661dec659408') in 0.033443 seconds
  Import took 0.035619 seconds .

========================================================================
Received Prepare
Registering precompiled user dll's ...
Registered in 0.000848 seconds.
Begin MonoManager ReloadAssembly
Native extension for WindowsStandalone target not found
Native extension for WebGL target not found
Refreshing native plugins compatible for Editor in 0.33 ms, found 0 plugins.
Preloading 0 native plugins for Editor in 0.00 ms.
Invoked RoslynAnalysisRunner static constructor.
RoslynAnalysisRunner will not be running.
RoslynAnalysisRunner has terminated.
Mono: successfully reloaded assembly
- Completed reload, in  0.831 seconds
Platform modules already initialized, skipping
Refreshing native plugins compatible for Editor in 0.24 ms, found 0 plugins.
Preloading 0 native plugins for Editor in 0.00 ms.
Unloading 1258 Unused Serialized files (Serialized files now loaded: 0)
System memory in use before: 67.1 MB.
System memory in use after: 67.2 MB.

Unloading 5 unused Assets to reduce memory usage. Loaded Objects now: 1798.
Total: 1.736500 ms (FindLiveObjects: 0.165600 ms CreateObjectMapping: 0.031200 ms MarkObjects: 1.523900 ms  DeleteObjects: 0.014900 ms)

========================================================================
Received Prepare
Registering precompiled user dll's ...
Registered in 0.001061 seconds.
Begin MonoManager ReloadAssembly
Native extension for WindowsStandalone target not found
Native extension for WebGL target not found
Refreshing native plugins compatible for Editor in 0.24 ms, found 0 plugins.
Preloading 0 native plugins for Editor in 0.00 ms.
Invoked RoslynAnalysisRunner static constructor.
RoslynAnalysisRunner will not be running.
RoslynAnalysisRunner has terminated.
Mono: successfully reloaded assembly
- Completed reload, in  0.807 seconds
Platform modules already initialized, skipping
Refreshing native plugins compatible for Editor in 0.25 ms, found 0 plugins.
Preloading 0 native plugins for Editor in 0.00 ms.
Unloading 1258 Unused Serialized files (Serialized files now loaded: 0)
System memory in use before: 67.4 MB.
System memory in use after: 67.5 MB.

Unloading 5 unused Assets to reduce memory usage. Loaded Objects now: 1800.
Total: 2.481800 ms (FindLiveObjects: 0.207400 ms CreateObjectMapping: 0.032700 ms MarkObjects: 2.216100 ms  DeleteObjects: 0.023500 ms)

========================================================================
Received Import Request.
  Time since last request: 729.937526 seconds.
  path: Assets/Diseño/Animaciones/Creditos.anim
  artifactKey: Guid(a055761c10a598d40a29187fceb06f4f) Importer(815301076,1909f56bfc062723c751e8b465ee728b)
Start importing Assets/Diseño/Animaciones/Creditos.anim using Guid(a055761c10a598d40a29187fceb06f4f) Importer(815301076,1909f56bfc062723c751e8b465ee728b)  -> (artifact id: 'b0697180e169c00e461a71e371b9aecb') in 0.021482 seconds
  Import took 0.024000 seconds .

========================================================================
Received Import Request.
  Time since last request: 0.004978 seconds.
  path: Assets/Diseño/Animaciones/Creditos.anim
  artifactKey: Guid(a055761c10a598d40a29187fceb06f4f) Importer(815301076,1909f56bfc062723c751e8b465ee728b)
Start importing Assets/Diseño/Animaciones/Creditos.anim using Guid(a055761c10a598d40a29187fceb06f4f) Importer(815301076,1909f56bfc062723c751e8b465ee728b)  -> (artifact id: 'b0697180e169c00e461a71e371b9aecb') in 0.004914 seconds
  Import took 0.007595 seconds .

========================================================================
Received Import Request.
  Time since last request: 378.523026 seconds.
  path: Assets/Scripts/menu/menuManager.cs
  artifactKey: Guid(c80a0f93a9e9ba94eb4b6f3c89f243c0) Importer(815301076,1909f56bfc062723c751e8b465ee728b)
Start importing Assets/Scripts/menu/menuManager.cs using Guid(c80a0f93a9e9ba94eb4b6f3c89f243c0) Importer(815301076,1909f56bfc062723c751e8b465ee728b)  -> (artifact id: '9802979261c1b0e2eeda0c089ea75985') in 0.059668 seconds
  Import took 0.061962 seconds .

========================================================================
Received Prepare
Registering precompiled user dll's ...
Registered in 0.000897 seconds.
Begin MonoManager ReloadAssembly
Native extension for WindowsStandalone target not found
Native extension for WebGL target not found
Refreshing native plugins compatible for Editor in 0.24 ms, found 0 plugins.
Preloading 0 native plugins for Editor in 0.00 ms.
Invoked RoslynAnalysisRunner static constructor.
RoslynAnalysisRunner will not be running.
RoslynAnalysisRunner has terminated.
Mono: successfully reloaded assembly
- Completed reload, in  0.811 seconds
Platform modules already initialized, skipping
Refreshing native plugins compatible for Editor in 0.24 ms, found 0 plugins.
Preloading 0 native plugins for Editor in 0.00 ms.
Unloading 1258 Unused Serialized files (Serialized files now loaded: 0)
System memory in use before: 67.5 MB.
System memory in use after: 67.6 MB.

Unloading 5 unused Assets to reduce memory usage. Loaded Objects now: 1802.
Total: 1.887200 ms (FindLiveObjects: 0.190000 ms CreateObjectMapping: 0.033200 ms MarkObjects: 1.640600 ms  DeleteObjects: 0.022300 ms)

========================================================================
Received Prepare
Registering precompiled user dll's ...
Registered in 0.000827 seconds.
Begin MonoManager ReloadAssembly
Native extension for WindowsStandalone target not found
Native extension for WebGL target not found
Refreshing native plugins compatible for Editor in 0.28 ms, found 0 plugins.
Preloading 0 native plugins for Editor in 0.00 ms.
Invoked RoslynAnalysisRunner static constructor.
RoslynAnalysisRunner will not be running.
RoslynAnalysisRunner has terminated.
Mono: successfully reloaded assembly
- Completed reload, in  0.833 seconds
Platform modules already initialized, skipping
Refreshing native plugins compatible for Editor in 0.24 ms, found 0 plugins.
Preloading 0 native plugins for Editor in 0.00 ms.
Unloading 1258 Unused Serialized files (Serialized files now loaded: 0)
System memory in use before: 66.9 MB.
System memory in use after: 67.0 MB.

Unloading 5 unused Assets to reduce memory usage. Loaded Objects now: 1804.
Total: 1.730100 ms (FindLiveObjects: 0.189800 ms CreateObjectMapping: 0.030800 ms MarkObjects: 1.494300 ms  DeleteObjects: 0.014400 ms)

========================================================================
Received Import Request.
  Time since last request: 86.610082 seconds.
  path: Assets/Scripts/menu/menuManager.cs
  artifactKey: Guid(c80a0f93a9e9ba94eb4b6f3c89f243c0) Importer(815301076,1909f56bfc062723c751e8b465ee728b)
Start importing Assets/Scripts/menu/menuManager.cs using Guid(c80a0f93a9e9ba94eb4b6f3c89f243c0) Importer(815301076,1909f56bfc062723c751e8b465ee728b)  -> (artifact id: '0345a747ef90faac1f9141c1af30923e') in 0.005844 seconds
  Import took 0.008169 seconds .

========================================================================
Received Import Request.
  Time since last request: 4.227948 seconds.
  path: Assets/Scripts/movPersonaje
  artifactKey: Guid(d0e29de12dfa67542b41c5c9dbd037dd) Importer(815301076,1909f56bfc062723c751e8b465ee728b)
Start importing Assets/Scripts/movPersonaje using Guid(d0e29de12dfa67542b41c5c9dbd037dd) Importer(815301076,1909f56bfc062723c751e8b465ee728b)  -> (artifact id: '2d83febf5bff045a7198b6fdd66a2733') in 0.009574 seconds
  Import took 0.011966 seconds .

========================================================================
Received Import Request.
  Time since last request: 2.005625 seconds.
  path: Assets/Scripts/movPersonaje/camaraPersonaje.cs
  artifactKey: Guid(2b1aa4f2683f6fc4e980160c14286a5e) Importer(815301076,1909f56bfc062723c751e8b465ee728b)
Start importing Assets/Scripts/movPersonaje/camaraPersonaje.cs using Guid(2b1aa4f2683f6fc4e980160c14286a5e) Importer(815301076,1909f56bfc062723c751e8b465ee728b)  -> (artifact id: '62f1564a45c6dd1c2e086f2bab10e0d4') in 0.008270 seconds
  Import took 0.010452 seconds .

========================================================================
Received Import Request.
  Time since last request: 0.000995 seconds.
  path: Assets/Scripts/movPersonaje/camaraPersonaje.cs
  artifactKey: Guid(2b1aa4f2683f6fc4e980160c14286a5e) Importer(815301076,1909f56bfc062723c751e8b465ee728b)
Start importing Assets/Scripts/movPersonaje/camaraPersonaje.cs using Guid(2b1aa4f2683f6fc4e980160c14286a5e) Importer(815301076,1909f56bfc062723c751e8b465ee728b)  -> (artifact id: '62f1564a45c6dd1c2e086f2bab10e0d4') in 0.003919 seconds
  Import took 0.006038 seconds .

========================================================================
Received Import Request.
  Time since last request: 1.626440 seconds.
  path: Assets/Scripts/movPersonaje/primeraPersona.cs
  artifactKey: Guid(ac1ba1ccf8670904c8a0baa183d19905) Importer(815301076,1909f56bfc062723c751e8b465ee728b)
Start importing Assets/Scripts/movPersonaje/primeraPersona.cs using Guid(ac1ba1ccf8670904c8a0baa183d19905) Importer(815301076,1909f56bfc062723c751e8b465ee728b)  -> (artifact id: 'a82c69771df9d3cf9fadb752f3474e00') in 0.008980 seconds
  Import took 0.011370 seconds .

========================================================================
Received Prepare
Registering precompiled user dll's ...
Registered in 0.000935 seconds.
Begin MonoManager ReloadAssembly
Native extension for WindowsStandalone target not found
Native extension for WebGL target not found
Refreshing native plugins compatible for Editor in 0.32 ms, found 0 plugins.
Preloading 0 native plugins for Editor in 0.00 ms.
Invoked RoslynAnalysisRunner static constructor.
RoslynAnalysisRunner will not be running.
RoslynAnalysisRunner has terminated.
Mono: successfully reloaded assembly
- Completed reload, in  0.840 seconds
Platform modules already initialized, skipping
Refreshing native plugins compatible for Editor in 0.29 ms, found 0 plugins.
Preloading 0 native plugins for Editor in 0.00 ms.
Unloading 1258 Unused Serialized files (Serialized files now loaded: 0)
System memory in use before: 67.1 MB.
System memory in use after: 67.2 MB.

Unloading 5 unused Assets to reduce memory usage. Loaded Objects now: 1806.
Total: 1.719700 ms (FindLiveObjects: 0.184600 ms CreateObjectMapping: 0.042900 ms MarkObjects: 1.477400 ms  DeleteObjects: 0.013900 ms)

========================================================================
Received Import Request.
  Time since last request: 178.309823 seconds.
  path: Assets/Diseño/Animaciones/Creditos.controller
  artifactKey: Guid(2b7b8284d80fc174eb5f95b9ed9d2dd0) Importer(815301076,1909f56bfc062723c751e8b465ee728b)
Start importing Assets/Diseño/Animaciones/Creditos.controller using Guid(2b7b8284d80fc174eb5f95b9ed9d2dd0) Importer(815301076,1909f56bfc062723c751e8b465ee728b)  -> (artifact id: '83c7aacf829fb7db99d74913b9fd4aec') in 0.014463 seconds
  Import took 0.016922 seconds .

========================================================================
Received Prepare
Registering precompiled user dll's ...
Registered in 0.000797 seconds.
Begin MonoManager ReloadAssembly
Native extension for WindowsStandalone target not found
Native extension for WebGL target not found
Refreshing native plugins compatible for Editor in 0.23 ms, found 0 plugins.
Preloading 0 native plugins for Editor in 0.00 ms.
Invoked RoslynAnalysisRunner static constructor.
RoslynAnalysisRunner will not be running.
RoslynAnalysisRunner has terminated.
Mono: successfully reloaded assembly
- Completed reload, in  0.789 seconds
Platform modules already initialized, skipping
Refreshing native plugins compatible for Editor in 0.25 ms, found 0 plugins.
Preloading 0 native plugins for Editor in 0.00 ms.
Unloading 1258 Unused Serialized files (Serialized files now loaded: 0)
System memory in use before: 67.4 MB.
System memory in use after: 67.5 MB.

Unloading 5 unused Assets to reduce memory usage. Loaded Objects now: 1808.
Total: 1.672300 ms (FindLiveObjects: 0.165700 ms CreateObjectMapping: 0.030600 ms MarkObjects: 1.460900 ms  DeleteObjects: 0.014200 ms)

========================================================================
Received Prepare
Registering precompiled user dll's ...
Registered in 0.001232 seconds.
Begin MonoManager ReloadAssembly
Native extension for WindowsStandalone target not found
Native extension for WebGL target not found
Refreshing native plugins compatible for Editor in 0.24 ms, found 0 plugins.
Preloading 0 native plugins for Editor in 0.00 ms.
Invoked RoslynAnalysisRunner static constructor.
RoslynAnalysisRunner will not be running.
RoslynAnalysisRunner has terminated.
Mono: successfully reloaded assembly
- Completed reload, in  0.813 seconds
Platform modules already initialized, skipping
Refreshing native plugins compatible for Editor in 0.23 ms, found 0 plugins.
Preloading 0 native plugins for Editor in 0.00 ms.
Unloading 1258 Unused Serialized files (Serialized files now loaded: 0)
System memory in use before: 67.5 MB.
System memory in use after: 67.6 MB.

Unloading 5 unused Assets to reduce memory usage. Loaded Objects now: 1810.
Total: 1.738000 ms (FindLiveObjects: 0.185000 ms CreateObjectMapping: 0.030700 ms MarkObjects: 1.503000 ms  DeleteObjects: 0.018300 ms)

========================================================================
Received Prepare
Registering precompiled user dll's ...
Registered in 0.000830 seconds.
Begin MonoManager ReloadAssembly
Native extension for WindowsStandalone target not found
Native extension for WebGL target not found
Refreshing native plugins compatible for Editor in 0.27 ms, found 0 plugins.
Preloading 0 native plugins for Editor in 0.00 ms.
Invoked RoslynAnalysisRunner static constructor.
RoslynAnalysisRunner will not be running.
RoslynAnalysisRunner has terminated.
Mono: successfully reloaded assembly
- Completed reload, in  0.825 seconds
Platform modules already initialized, skipping
Refreshing native plugins compatible for Editor in 0.23 ms, found 0 plugins.
Preloading 0 native plugins for Editor in 0.00 ms.
Unloading 1258 Unused Serialized files (Serialized files now loaded: 0)
System memory in use before: 66.9 MB.
System memory in use after: 67.0 MB.

Unloading 5 unused Assets to reduce memory usage. Loaded Objects now: 1812.
Total: 1.675100 ms (FindLiveObjects: 0.169800 ms CreateObjectMapping: 0.031000 ms MarkObjects: 1.457900 ms  DeleteObjects: 0.015400 ms)

========================================================================
Received Prepare
Registering precompiled user dll's ...
Registered in 0.000811 seconds.
Begin MonoManager ReloadAssembly
Native extension for WindowsStandalone target not found
Native extension for WebGL target not found
Refreshing native plugins compatible for Editor in 0.23 ms, found 0 plugins.
Preloading 0 native plugins for Editor in 0.00 ms.
Invoked RoslynAnalysisRunner static constructor.
RoslynAnalysisRunner will not be running.
RoslynAnalysisRunner has terminated.
Mono: successfully reloaded assembly
- Completed reload, in  0.797 seconds
Platform modules already initialized, skipping
Refreshing native plugins compatible for Editor in 0.24 ms, found 0 plugins.
Preloading 0 native plugins for Editor in 0.00 ms.
Unloading 1258 Unused Serialized files (Serialized files now loaded: 0)
System memory in use before: 67.1 MB.
System memory in use after: 67.2 MB.

Unloading 5 unused Assets to reduce memory usage. Loaded Objects now: 1814.
Total: 1.748400 ms (FindLiveObjects: 0.229300 ms CreateObjectMapping: 0.031500 ms MarkObjects: 1.472400 ms  DeleteObjects: 0.014400 ms)

========================================================================
Received Prepare
Registering precompiled user dll's ...
Registered in 0.000839 seconds.
Begin MonoManager ReloadAssembly
Native extension for WindowsStandalone target not found
Native extension for WebGL target not found
Refreshing native plugins compatible for Editor in 0.24 ms, found 0 plugins.
Preloading 0 native plugins for Editor in 0.00 ms.
Invoked RoslynAnalysisRunner static constructor.
RoslynAnalysisRunner will not be running.
RoslynAnalysisRunner has terminated.
Mono: successfully reloaded assembly
- Completed reload, in  0.800 seconds
Platform modules already initialized, skipping
Refreshing native plugins compatible for Editor in 0.25 ms, found 0 plugins.
Preloading 0 native plugins for Editor in 0.00 ms.
Unloading 1258 Unused Serialized files (Serialized files now loaded: 0)
System memory in use before: 67.4 MB.
System memory in use after: 67.5 MB.

Unloading 5 unused Assets to reduce memory usage. Loaded Objects now: 1816.
Total: 1.676900 ms (FindLiveObjects: 0.162200 ms CreateObjectMapping: 0.031100 ms MarkObjects: 1.469200 ms  DeleteObjects: 0.013500 ms)

========================================================================
Received Import Request.
  Time since last request: 789.336835 seconds.
  path: Assets/Diseño/Animaciones/Regresar.anim
  artifactKey: Guid(d1edd30bb15140041b0c85c74116981d) Importer(815301076,1909f56bfc062723c751e8b465ee728b)
Start importing Assets/Diseño/Animaciones/Regresar.anim using Guid(d1edd30bb15140041b0c85c74116981d) Importer(815301076,1909f56bfc062723c751e8b465ee728b)  -> (artifact id: '754193d723724335a168ff8253f24885') in 0.018979 seconds
  Import took 0.021296 seconds .

========================================================================
Received Import Request.
  Time since last request: 0.000486 seconds.
  path: Assets/Diseño/Animaciones/Regresar.anim
  artifactKey: Guid(d1edd30bb15140041b0c85c74116981d) Importer(815301076,1909f56bfc062723c751e8b465ee728b)
Start importing Assets/Diseño/Animaciones/Regresar.anim using Guid(d1edd30bb15140041b0c85c74116981d) Importer(815301076,1909f56bfc062723c751e8b465ee728b)  -> (artifact id: '754193d723724335a168ff8253f24885') in 0.004067 seconds
  Import took 0.005932 seconds .

========================================================================
Received Prepare
Registering precompiled user dll's ...
Registered in 0.000912 seconds.
Begin MonoManager ReloadAssembly
Native extension for WindowsStandalone target not found
Native extension for WebGL target not found
Refreshing native plugins compatible for Editor in 0.24 ms, found 0 plugins.
Preloading 0 native plugins for Editor in 0.00 ms.
Invoked RoslynAnalysisRunner static constructor.
RoslynAnalysisRunner will not be running.
RoslynAnalysisRunner has terminated.
Mono: successfully reloaded assembly
- Completed reload, in  0.847 seconds
Platform modules already initialized, skipping
Refreshing native plugins compatible for Editor in 0.28 ms, found 0 plugins.
Preloading 0 native plugins for Editor in 0.00 ms.
Unloading 1258 Unused Serialized files (Serialized files now loaded: 0)
System memory in use before: 67.6 MB.
System memory in use after: 67.7 MB.

Unloading 5 unused Assets to reduce memory usage. Loaded Objects now: 1818.
Total: 1.754300 ms (FindLiveObjects: 0.163500 ms CreateObjectMapping: 0.031800 ms MarkObjects: 1.542100 ms  DeleteObjects: 0.015900 ms)

========================================================================
Received Prepare
Registering precompiled user dll's ...
Registered in 0.000919 seconds.
Begin MonoManager ReloadAssembly
Native extension for WindowsStandalone target not found
Native extension for WebGL target not found
Refreshing native plugins compatible for Editor in 0.25 ms, found 0 plugins.
Preloading 0 native plugins for Editor in 0.00 ms.
Invoked RoslynAnalysisRunner static constructor.
RoslynAnalysisRunner will not be running.
RoslynAnalysisRunner has terminated.
Mono: successfully reloaded assembly
- Completed reload, in  0.819 seconds
Platform modules already initialized, skipping
Refreshing native plugins compatible for Editor in 0.25 ms, found 0 plugins.
Preloading 0 native plugins for Editor in 0.00 ms.
Unloading 1258 Unused Serialized files (Serialized files now loaded: 0)
System memory in use before: 66.8 MB.
System memory in use after: 66.9 MB.

Unloading 5 unused Assets to reduce memory usage. Loaded Objects now: 1820.
Total: 1.764900 ms (FindLiveObjects: 0.168700 ms CreateObjectMapping: 0.031200 ms MarkObjects: 1.549200 ms  DeleteObjects: 0.015000 ms)

========================================================================
Received Prepare
Registering precompiled user dll's ...
Registered in 0.000925 seconds.
Begin MonoManager ReloadAssembly
Native extension for WindowsStandalone target not found
Native extension for WebGL target not found
Refreshing native plugins compatible for Editor in 0.25 ms, found 0 plugins.
Preloading 0 native plugins for Editor in 0.00 ms.
Invoked RoslynAnalysisRunner static constructor.
RoslynAnalysisRunner will not be running.
RoslynAnalysisRunner has terminated.
Mono: successfully reloaded assembly
- Completed reload, in  0.853 seconds
Platform modules already initialized, skipping
Refreshing native plugins compatible for Editor in 0.27 ms, found 0 plugins.
Preloading 0 native plugins for Editor in 0.00 ms.
Unloading 1258 Unused Serialized files (Serialized files now loaded: 0)
System memory in use before: 67.1 MB.
System memory in use after: 67.2 MB.

Unloading 5 unused Assets to reduce memory usage. Loaded Objects now: 1822.
Total: 2.254900 ms (FindLiveObjects: 0.259400 ms CreateObjectMapping: 0.032800 ms MarkObjects: 1.939200 ms  DeleteObjects: 0.022200 ms)

========================================================================
Received Import Request.
  Time since last request: 172.591965 seconds.
  path: Assets/Diseño/Animaciones/Regresar.anim
  artifactKey: Guid(d1edd30bb15140041b0c85c74116981d) Importer(815301076,1909f56bfc062723c751e8b465ee728b)
Start importing Assets/Diseño/Animaciones/Regresar.anim using Guid(d1edd30bb15140041b0c85c74116981d) Importer(815301076,1909f56bfc062723c751e8b465ee728b)  -> (artifact id: 'fba3842e211f7f67de40dfe63716841d') in 0.014297 seconds
  Import took 0.016751 seconds .

AssetImportWorkerClient::OnTransportError - code=2 error=End of file
